Start testing: Mar 22 09:31 UTC
----------------------------------------------------------
1/173 Testing: eccodes_t_definitions
1/173 Test: eccodes_t_definitions
Command: "/metfark/metfark/metfark/libeccodes/build/eccodes-2.7.0-Source/tests/definitions.sh"
Directory: /metfark/metfark/metfark/libeccodes/build/tests
"eccodes_t_definitions" start time: Mar 22 09:31 UTC
Output:
----------------------------------------------------------
<end of output>
Test time =   2.83 sec
----------------------------------------------------------
Test Passed.
"eccodes_t_definitions" end time: Mar 22 09:31 UTC
"eccodes_t_definitions" time elapsed: 00:00:02
----------------------------------------------------------

2/173 Testing: eccodes_t_calendar
2/173 Test: eccodes_t_calendar
Command: "/metfark/metfark/metfark/libeccodes/build/eccodes-2.7.0-Source/tests/calendar.sh"
Directory: /metfark/metfark/metfark/libeccodes/build/tests
"eccodes_t_calendar" start time: Mar 22 09:31 UTC
Output:
----------------------------------------------------------
<end of output>
Test time =   0.30 sec
----------------------------------------------------------
Test Passed.
"eccodes_t_calendar" end time: Mar 22 09:31 UTC
"eccodes_t_calendar" time elapsed: 00:00:00
----------------------------------------------------------

3/173 Testing: eccodes_t_unit_tests
3/173 Test: eccodes_t_unit_tests
Command: "/metfark/metfark/metfark/libeccodes/build/eccodes-2.7.0-Source/tests/unit_tests.sh"
Directory: /metfark/metfark/metfark/libeccodes/build/tests
"eccodes_t_unit_tests" start time: Mar 22 09:31 UTC
Output:
----------------------------------------------------------
Caught it: ecCodes assertion failed: `index == numTokens - 1' in /metfark/metfark/metfark/libeccodes/build/eccodes-2.7.0-Source/src/string_util.c:89
<end of output>
Test time =   0.48 sec
----------------------------------------------------------
Test Passed.
"eccodes_t_unit_tests" end time: Mar 22 09:31 UTC
"eccodes_t_unit_tests" time elapsed: 00:00:00
----------------------------------------------------------

4/173 Testing: eccodes_t_md5
4/173 Test: eccodes_t_md5
Command: "/metfark/metfark/metfark/libeccodes/build/eccodes-2.7.0-Source/tests/md5.sh"
Directory: /metfark/metfark/metfark/libeccodes/build/tests
"eccodes_t_md5" start time: Mar 22 09:31 UTC
Output:
----------------------------------------------------------
<end of output>
Test time =   0.09 sec
----------------------------------------------------------
Test Passed.
"eccodes_t_md5" end time: Mar 22 09:31 UTC
"eccodes_t_md5" time elapsed: 00:00:00
----------------------------------------------------------

5/173 Testing: eccodes_t_uerra
5/173 Test: eccodes_t_uerra
Command: "/metfark/metfark/metfark/libeccodes/build/eccodes-2.7.0-Source/tests/uerra.sh"
Directory: /metfark/metfark/metfark/libeccodes/build/tests
"eccodes_t_uerra" start time: Mar 22 09:31 UTC
Output:
----------------------------------------------------------
Testing stream=oper type=an ...
Testing stream=enda type=an ...
Testing stream=oper type=fc ...
Testing stream=enda type=fc ...
Testing stream=oper type=an ...
Testing stream=enda type=an ...
Testing stream=oper type=fc ...
Testing stream=enda type=fc ...
<end of output>
Test time =   1.77 sec
----------------------------------------------------------
Test Passed.
"eccodes_t_uerra" end time: Mar 22 09:31 UTC
"eccodes_t_uerra" time elapsed: 00:00:01
----------------------------------------------------------

6/173 Testing: eccodes_t_grib_2nd_order_numValues
6/173 Test: eccodes_t_grib_2nd_order_numValues
Command: "/metfark/metfark/metfark/libeccodes/build/eccodes-2.7.0-Source/tests/grib_2nd_order_numValues.sh"
Directory: /metfark/metfark/metfark/libeccodes/build/tests
"eccodes_t_grib_2nd_order_numValues" start time: Mar 22 09:31 UTC
Output:
----------------------------------------------------------
ALL OK
<end of output>
Test time =   0.03 sec
----------------------------------------------------------
Test Passed.
"eccodes_t_grib_2nd_order_numValues" end time: Mar 22 09:31 UTC
"eccodes_t_grib_2nd_order_numValues" time elapsed: 00:00:00
----------------------------------------------------------

7/173 Testing: eccodes_t_julian
7/173 Test: eccodes_t_julian
Command: "/metfark/metfark/metfark/libeccodes/build/eccodes-2.7.0-Source/tests/julian.sh"
Directory: /metfark/metfark/metfark/libeccodes/build/tests
"eccodes_t_julian" start time: Mar 22 09:31 UTC
Output:
----------------------------------------------------------
<end of output>
Test time =   1.69 sec
----------------------------------------------------------
Test Passed.
"eccodes_t_julian" end time: Mar 22 09:31 UTC
"eccodes_t_julian" time elapsed: 00:00:01
----------------------------------------------------------

8/173 Testing: eccodes_t_bufr_ecc-359
8/173 Test: eccodes_t_bufr_ecc-359
Command: "/metfark/metfark/metfark/libeccodes/build/eccodes-2.7.0-Source/tests/bufr_ecc-359.sh"
Directory: /metfark/metfark/metfark/libeccodes/build/tests
"eccodes_t_bufr_ecc-359" start time: Mar 22 09:31 UTC
Output:
----------------------------------------------------------
ECCODES ERROR   :  Error while setting key pack (Encoding invalid)
<end of output>
Test time =   0.02 sec
----------------------------------------------------------
Test Passed.
"eccodes_t_bufr_ecc-359" end time: Mar 22 09:31 UTC
"eccodes_t_bufr_ecc-359" time elapsed: 00:00:00
----------------------------------------------------------

9/173 Testing: eccodes_t_bufr_ecc-517
9/173 Test: eccodes_t_bufr_ecc-517
Command: "/metfark/metfark/metfark/libeccodes/build/eccodes-2.7.0-Source/tests/bufr_ecc-517.sh"
Directory: /metfark/metfark/metfark/libeccodes/build/tests
"eccodes_t_bufr_ecc-517" start time: Mar 22 09:31 UTC
Output:
----------------------------------------------------------
<end of output>
Test time =   0.23 sec
----------------------------------------------------------
Test Passed.
"eccodes_t_bufr_ecc-517" end time: Mar 22 09:31 UTC
"eccodes_t_bufr_ecc-517" time elapsed: 00:00:00
----------------------------------------------------------

10/173 Testing: eccodes_t_grib_efas
10/173 Test: eccodes_t_grib_efas
Command: "/metfark/metfark/metfark/libeccodes/build/eccodes-2.7.0-Source/tests/grib_efas.sh"
Directory: /metfark/metfark/metfark/libeccodes/build/tests
"eccodes_t_grib_efas" start time: Mar 22 09:31 UTC
Output:
----------------------------------------------------------
<end of output>
Test time =   0.79 sec
----------------------------------------------------------
Test Passed.
"eccodes_t_grib_efas" end time: Mar 22 09:31 UTC
"eccodes_t_grib_efas" time elapsed: 00:00:00
----------------------------------------------------------

169/173 Testing: eccodes_download_gribs
169/173 Test: eccodes_download_gribs
Command: "/usr/bin/cmake" "-P" "/metfark/metfark/metfark/libeccodes/build/data/get_data_eccodes_download_gribs.cmake"
Directory: /metfark/metfark/metfark/libeccodes/build/data
"eccodes_download_gribs" start time: Mar 22 09:31 UTC
Output:
----------------------------------------------------------
(curl) downloading http://download.ecmwf.org/test-data/eccodes/data/bad.grib
(curl) downloading http://download.ecmwf.org/test-data/eccodes/data/in_copy.grib
(curl) downloading http://download.ecmwf.org/test-data/eccodes/data/budg
(curl) downloading http://download.ecmwf.org/test-data/eccodes/data/constant_field.grib1
(curl) downloading http://download.ecmwf.org/test-data/eccodes/data/constant_field.grib2
(curl) downloading http://download.ecmwf.org/test-data/eccodes/data/constant_width_bitmap.grib
(curl) downloading http://download.ecmwf.org/test-data/eccodes/data/constant_width_boust_bitmap.grib
(curl) downloading http://download.ecmwf.org/test-data/eccodes/data/gen.grib
(curl) downloading http://download.ecmwf.org/test-data/eccodes/data/gen_bitmap.grib
(curl) downloading http://download.ecmwf.org/test-data/eccodes/data/gen_ext_bitmap.grib
(curl) downloading http://download.ecmwf.org/test-data/eccodes/data/gen_ext_boust_bitmap.grib
(curl) downloading http://download.ecmwf.org/test-data/eccodes/data/gen_ext_boust.grib
(curl) downloading http://download.ecmwf.org/test-data/eccodes/data/gen_ext.grib
(curl) downloading http://download.ecmwf.org/test-data/eccodes/data/gen_ext_spd_2_bitmap.grib
(curl) downloading http://download.ecmwf.org/test-data/eccodes/data/gen_ext_spd_2_boust_bitmap.grib
(curl) downloading http://download.ecmwf.org/test-data/eccodes/data/gen_ext_spd_2.grib
(curl) downloading http://download.ecmwf.org/test-data/eccodes/data/gen_ext_spd_3_boust_bitmap.grib
(curl) downloading http://download.ecmwf.org/test-data/eccodes/data/gen_ext_spd_3.grib
(curl) downloading http://download.ecmwf.org/test-data/eccodes/data/gfs.c255.grib2
(curl) downloading http://download.ecmwf.org/test-data/eccodes/data/gts.grib
(curl) downloading http://download.ecmwf.org/test-data/eccodes/data/index.grib
(curl) downloading http://download.ecmwf.org/test-data/eccodes/data/grid_ieee.grib
(curl) downloading http://download.ecmwf.org/test-data/eccodes/data/jpeg.grib2
(curl) downloading http://download.ecmwf.org/test-data/eccodes/data/latlon.grib
(curl) downloading http://download.ecmwf.org/test-data/eccodes/data/high_level_api.grib2
(curl) downloading http://download.ecmwf.org/test-data/eccodes/data/lfpw.grib1
(curl) downloading http://download.ecmwf.org/test-data/eccodes/data/missing_field.grib1
(curl) downloading http://download.ecmwf.org/test-data/eccodes/data/missing.grib2
(curl) downloading http://download.ecmwf.org/test-data/eccodes/data/mixed.grib
(curl) downloading http://download.ecmwf.org/test-data/eccodes/data/multi_created.grib2
(curl) downloading http://download.ecmwf.org/test-data/eccodes/data/multi.grib2
(curl) downloading http://download.ecmwf.org/test-data/eccodes/data/pad.grib
(curl) downloading http://download.ecmwf.org/test-data/eccodes/data/reduced_gaussian_lsm.grib1
(curl) downloading http://download.ecmwf.org/test-data/eccodes/data/reduced_gaussian_model_level.grib1
(curl) downloading http://download.ecmwf.org/test-data/eccodes/data/reduced_gaussian_model_level.grib2
(curl) downloading http://download.ecmwf.org/test-data/eccodes/data/reduced_gaussian_pressure_level_constant.grib1
(curl) downloading http://download.ecmwf.org/test-data/eccodes/data/reduced_gaussian_pressure_level_constant.grib2
(curl) downloading http://download.ecmwf.org/test-data/eccodes/data/reduced_gaussian_pressure_level.grib1
(curl) downloading http://download.ecmwf.org/test-data/eccodes/data/reduced_gaussian_pressure_level.grib2
(curl) downloading http://download.ecmwf.org/test-data/eccodes/data/reduced_gaussian_sub_area.grib1
(curl) downloading http://download.ecmwf.org/test-data/eccodes/data/reduced_gaussian_sub_area.grib2
(curl) downloading http://download.ecmwf.org/test-data/eccodes/data/reduced_gaussian_surface.grib1
(curl) downloading http://download.ecmwf.org/test-data/eccodes/data/reduced_gaussian_surface.grib2
(curl) downloading http://download.ecmwf.org/test-data/eccodes/data/reduced_gaussian_surface_jpeg.grib2
(curl) downloading http://download.ecmwf.org/test-data/eccodes/data/reduced_latlon_surface_constant.grib1
(curl) downloading http://download.ecmwf.org/test-data/eccodes/data/reduced_latlon_surface_constant.grib2
(curl) downloading http://download.ecmwf.org/test-data/eccodes/data/reduced_latlon_surface.grib1
(curl) downloading http://download.ecmwf.org/test-data/eccodes/data/reduced_latlon_surface.grib2
(curl) downloading http://download.ecmwf.org/test-data/eccodes/data/reference_ensemble_mean.grib1
(curl) downloading http://download.ecmwf.org/test-data/eccodes/data/reference_stdev.grib1
(curl) downloading http://download.ecmwf.org/test-data/eccodes/data/regular_gaussian_model_level.grib1
(curl) downloading http://download.ecmwf.org/test-data/eccodes/data/regular_gaussian_model_level.grib2
(curl) downloading http://download.ecmwf.org/test-data/eccodes/data/regular_gaussian_pressure_level_constant.grib1
(curl) downloading http://download.ecmwf.org/test-data/eccodes/data/regular_gaussian_pressure_level_constant.grib2
(curl) downloading http://download.ecmwf.org/test-data/eccodes/data/regular_gaussian_pressure_level.grib1
(curl) downloading http://download.ecmwf.org/test-data/eccodes/data/regular_gaussian_pressure_level.grib2
(curl) downloading http://download.ecmwf.org/test-data/eccodes/data/regular_gaussian_surface.grib1
(curl) downloading http://download.ecmwf.org/test-data/eccodes/data/regular_gaussian_surface.grib2
(curl) downloading http://download.ecmwf.org/test-data/eccodes/data/regular_latlon_surface_constant.grib1
(curl) downloading http://download.ecmwf.org/test-data/eccodes/data/regular_latlon_surface_constant.grib2
(curl) downloading http://download.ecmwf.org/test-data/eccodes/data/regular_latlon_surface.grib1
(curl) downloading http://download.ecmwf.org/test-data/eccodes/data/regular_latlon_surface.grib2
(curl) downloading http://download.ecmwf.org/test-data/eccodes/data/row.grib
(curl) downloading http://download.ecmwf.org/test-data/eccodes/data/sample.grib2
(curl) downloading http://download.ecmwf.org/test-data/eccodes/data/satellite.grib
(curl) downloading http://download.ecmwf.org/test-data/eccodes/data/second_ord_rbr.grib1
(curl) downloading http://download.ecmwf.org/test-data/eccodes/data/simple_bitmap.grib
(curl) downloading http://download.ecmwf.org/test-data/eccodes/data/simple.grib
(curl) downloading http://download.ecmwf.org/test-data/eccodes/data/small_ensemble.grib1
(curl) downloading http://download.ecmwf.org/test-data/eccodes/data/spectral_complex.grib1
(curl) downloading http://download.ecmwf.org/test-data/eccodes/data/spherical_model_level.grib1
(curl) downloading http://download.ecmwf.org/test-data/eccodes/data/spherical_model_level.grib2
(curl) downloading http://download.ecmwf.org/test-data/eccodes/data/spherical_pressure_level.grib1
(curl) downloading http://download.ecmwf.org/test-data/eccodes/data/spherical_pressure_level.grib2
(curl) downloading http://download.ecmwf.org/test-data/eccodes/data/sst_globus0083.grib
(curl) downloading http://download.ecmwf.org/test-data/eccodes/data/test.grib1
(curl) downloading http://download.ecmwf.org/test-data/eccodes/data/test_uuid.grib2
(curl) downloading http://download.ecmwf.org/test-data/eccodes/data/tigge_af_ecmwf.grib2
(curl) downloading http://download.ecmwf.org/test-data/eccodes/data/tigge_cf_ecmwf.grib2
(curl) downloading http://download.ecmwf.org/test-data/eccodes/data/tigge_ecmwf.grib2
(curl) downloading http://download.ecmwf.org/test-data/eccodes/data/tigge_pf_ecmwf.grib2
(curl) downloading http://download.ecmwf.org/test-data/eccodes/data/timeRangeIndicator_0.grib
(curl) downloading http://download.ecmwf.org/test-data/eccodes/data/timeRangeIndicator_10.grib
(curl) downloading http://download.ecmwf.org/test-data/eccodes/data/timeRangeIndicator_5.grib
(curl) downloading http://download.ecmwf.org/test-data/eccodes/data/tp_ecmwf.grib
(curl) downloading http://download.ecmwf.org/test-data/eccodes/data/v.grib2
(curl) downloading http://download.ecmwf.org/test-data/eccodes/data/msl.octa.glob.grib1
(curl) downloading http://download.ecmwf.org/test-data/eccodes/data/test_file.grib2
(curl) downloading http://download.ecmwf.org/test-data/eccodes/data/gfs.complex.mvmu.grib2
<end of output>
Test time =  92.18 sec
----------------------------------------------------------
Test Passed.
"eccodes_download_gribs" end time: Mar 22 09:32 UTC
"eccodes_download_gribs" time elapsed: 00:01:32
----------------------------------------------------------

170/173 Testing: eccodes_download_tigge_gribs
170/173 Test: eccodes_download_tigge_gribs
Command: "/usr/bin/cmake" "-P" "/metfark/metfark/metfark/libeccodes/build/data/tigge/get_data_eccodes_download_tigge_gribs.cmake"
Directory: /metfark/metfark/metfark/libeccodes/build/data/tigge
"eccodes_download_tigge_gribs" start time: Mar 22 09:32 UTC
Output:
----------------------------------------------------------
(curl) downloading http://download.ecmwf.org/test-data/eccodes/data/tigge/tigge_ammc_pl_gh.grib
(curl) downloading http://download.ecmwf.org/test-data/eccodes/data/tigge/tigge_ammc_pl_q.grib
(curl) downloading http://download.ecmwf.org/test-data/eccodes/data/tigge/tigge_ammc_pl_t.grib
(curl) downloading http://download.ecmwf.org/test-data/eccodes/data/tigge/tigge_ammc_pl_u.grib
(curl) downloading http://download.ecmwf.org/test-data/eccodes/data/tigge/tigge_ammc_pl_v.grib
(curl) downloading http://download.ecmwf.org/test-data/eccodes/data/tigge/tigge_ammc_sfc_10u.grib
(curl) downloading http://download.ecmwf.org/test-data/eccodes/data/tigge/tigge_ammc_sfc_10v.grib
(curl) downloading http://download.ecmwf.org/test-data/eccodes/data/tigge/tigge_ammc_sfc_2t.grib
(curl) downloading http://download.ecmwf.org/test-data/eccodes/data/tigge/tigge_ammc_sfc_lsm.grib
(curl) downloading http://download.ecmwf.org/test-data/eccodes/data/tigge/tigge_ammc_sfc_mn2t6.grib
(curl) downloading http://download.ecmwf.org/test-data/eccodes/data/tigge/tigge_ammc_sfc_msl.grib
(curl) downloading http://download.ecmwf.org/test-data/eccodes/data/tigge/tigge_ammc_sfc_mx2t6.grib
(curl) downloading http://download.ecmwf.org/test-data/eccodes/data/tigge/tigge_ammc_sfc_orog.grib
(curl) downloading http://download.ecmwf.org/test-data/eccodes/data/tigge/tigge_ammc_sfc_sf.grib
(curl) downloading http://download.ecmwf.org/test-data/eccodes/data/tigge/tigge_ammc_sfc_sp.grib
(curl) downloading http://download.ecmwf.org/test-data/eccodes/data/tigge/tigge_ammc_sfc_st.grib
(curl) downloading http://download.ecmwf.org/test-data/eccodes/data/tigge/tigge_ammc_sfc_tcc.grib
(curl) downloading http://download.ecmwf.org/test-data/eccodes/data/tigge/tigge_ammc_sfc_tcw.grib
(curl) downloading http://download.ecmwf.org/test-data/eccodes/data/tigge/tigge_ammc_sfc_tp.grib
(curl) downloading http://download.ecmwf.org/test-data/eccodes/data/tigge/tigge_babj_pl_gh.grib
(curl) downloading http://download.ecmwf.org/test-data/eccodes/data/tigge/tigge_babj_pl_q.grib
(curl) downloading http://download.ecmwf.org/test-data/eccodes/data/tigge/tigge_babj_pl_t.grib
(curl) downloading http://download.ecmwf.org/test-data/eccodes/data/tigge/tigge_babj_pl_u.grib
(curl) downloading http://download.ecmwf.org/test-data/eccodes/data/tigge/tigge_babj_pl_v.grib
(curl) downloading http://download.ecmwf.org/test-data/eccodes/data/tigge/tigge_babj_sfc_10u.grib
(curl) downloading http://download.ecmwf.org/test-data/eccodes/data/tigge/tigge_babj_sfc_10v.grib
(curl) downloading http://download.ecmwf.org/test-data/eccodes/data/tigge/tigge_babj_sfc_2d.grib
(curl) downloading http://download.ecmwf.org/test-data/eccodes/data/tigge/tigge_babj_sfc_2t.grib
(curl) downloading http://download.ecmwf.org/test-data/eccodes/data/tigge/tigge_babj_sfc_lsm.grib
(curl) downloading http://download.ecmwf.org/test-data/eccodes/data/tigge/tigge_babj_sfc_mn2t6.grib
(curl) downloading http://download.ecmwf.org/test-data/eccodes/data/tigge/tigge_babj_sfc_msl.grib
(curl) downloading http://download.ecmwf.org/test-data/eccodes/data/tigge/tigge_babj_sfc_mx2t6.grib
(curl) downloading http://download.ecmwf.org/test-data/eccodes/data/tigge/tigge_babj_sfc_orog.grib
(curl) downloading http://download.ecmwf.org/test-data/eccodes/data/tigge/tigge_babj_sfc_sd.grib
(curl) downloading http://download.ecmwf.org/test-data/eccodes/data/tigge/tigge_babj_sfc_sf.grib
(curl) downloading http://download.ecmwf.org/test-data/eccodes/data/tigge/tigge_babj_sfc_slhf.grib
(curl) downloading http://download.ecmwf.org/test-data/eccodes/data/tigge/tigge_babj_sfc_sp.grib
(curl) downloading http://download.ecmwf.org/test-data/eccodes/data/tigge/tigge_babj_sfc_sshf.grib
(curl) downloading http://download.ecmwf.org/test-data/eccodes/data/tigge/tigge_babj_sfc_ssr.grib
(curl) downloading http://download.ecmwf.org/test-data/eccodes/data/tigge/tigge_babj_sfc_str.grib
(curl) downloading http://download.ecmwf.org/test-data/eccodes/data/tigge/tigge_babj_sfc_tcc.grib
(curl) downloading http://download.ecmwf.org/test-data/eccodes/data/tigge/tigge_babj_sfc_tcw.grib
(curl) downloading http://download.ecmwf.org/test-data/eccodes/data/tigge/tigge_babj_sfc_tp.grib
(curl) downloading http://download.ecmwf.org/test-data/eccodes/data/tigge/tigge_cwao_pl_gh.grib
(curl) downloading http://download.ecmwf.org/test-data/eccodes/data/tigge/tigge_cwao_pl_q.grib
(curl) downloading http://download.ecmwf.org/test-data/eccodes/data/tigge/tigge_cwao_pl_t.grib
(curl) downloading http://download.ecmwf.org/test-data/eccodes/data/tigge/tigge_cwao_pl_u.grib
(curl) downloading http://download.ecmwf.org/test-data/eccodes/data/tigge/tigge_cwao_pl_v.grib
(curl) downloading http://download.ecmwf.org/test-data/eccodes/data/tigge/tigge_cwao_sfc_10u.grib
(curl) downloading http://download.ecmwf.org/test-data/eccodes/data/tigge/tigge_cwao_sfc_10v.grib
(curl) downloading http://download.ecmwf.org/test-data/eccodes/data/tigge/tigge_cwao_sfc_2d.grib
(curl) downloading http://download.ecmwf.org/test-data/eccodes/data/tigge/tigge_cwao_sfc_2t.grib
(curl) downloading http://download.ecmwf.org/test-data/eccodes/data/tigge/tigge_cwao_sfc_mn2t6.grib
(curl) downloading http://download.ecmwf.org/test-data/eccodes/data/tigge/tigge_cwao_sfc_msl.grib
(curl) downloading http://download.ecmwf.org/test-data/eccodes/data/tigge/tigge_cwao_sfc_mx2t6.grib
(curl) downloading http://download.ecmwf.org/test-data/eccodes/data/tigge/tigge_cwao_sfc_orog.grib
(curl) downloading http://download.ecmwf.org/test-data/eccodes/data/tigge/tigge_cwao_sfc_sd.grib
(curl) downloading http://download.ecmwf.org/test-data/eccodes/data/tigge/tigge_cwao_sfc_skt.grib
(curl) downloading http://download.ecmwf.org/test-data/eccodes/data/tigge/tigge_cwao_sfc_sp.grib
(curl) downloading http://download.ecmwf.org/test-data/eccodes/data/tigge/tigge_cwao_sfc_st.grib
(curl) downloading http://download.ecmwf.org/test-data/eccodes/data/tigge/tigge_cwao_sfc_tcc.grib
(curl) downloading http://download.ecmwf.org/test-data/eccodes/data/tigge/tigge_cwao_sfc_tcw.grib
(curl) downloading http://download.ecmwf.org/test-data/eccodes/data/tigge/tigge_cwao_sfc_tp.grib
(curl) downloading http://download.ecmwf.org/test-data/eccodes/data/tigge/tigge_ecmf_pl_gh.grib
(curl) downloading http://download.ecmwf.org/test-data/eccodes/data/tigge/tigge_ecmf_pl_q.grib
(curl) downloading http://download.ecmwf.org/test-data/eccodes/data/tigge/tigge_ecmf_pl_t.grib
(curl) downloading http://download.ecmwf.org/test-data/eccodes/data/tigge/tigge_ecmf_pl_u.grib
(curl) downloading http://download.ecmwf.org/test-data/eccodes/data/tigge/tigge_ecmf_pl_v.grib
(curl) downloading http://download.ecmwf.org/test-data/eccodes/data/tigge/tigge_ecmf_pt_pv.grib
(curl) downloading http://download.ecmwf.org/test-data/eccodes/data/tigge/tigge_ecmf_pv_pt.grib
(curl) downloading http://download.ecmwf.org/test-data/eccodes/data/tigge/tigge_ecmf_pv_u.grib
(curl) downloading http://download.ecmwf.org/test-data/eccodes/data/tigge/tigge_ecmf_pv_v.grib
(curl) downloading http://download.ecmwf.org/test-data/eccodes/data/tigge/tigge_ecmf_sfc_10u.grib
(curl) downloading http://download.ecmwf.org/test-data/eccodes/data/tigge/tigge_ecmf_sfc_10v.grib
(curl) downloading http://download.ecmwf.org/test-data/eccodes/data/tigge/tigge_ecmf_sfc_2d.grib
(curl) downloading http://download.ecmwf.org/test-data/eccodes/data/tigge/tigge_ecmf_sfc_2t.grib
(curl) downloading http://download.ecmwf.org/test-data/eccodes/data/tigge/tigge_ecmf_sfc_cap.grib
(curl) downloading http://download.ecmwf.org/test-data/eccodes/data/tigge/tigge_ecmf_sfc_cape.grib
(curl) downloading http://download.ecmwf.org/test-data/eccodes/data/tigge/tigge_ecmf_sfc_mn2t6.grib
(curl) downloading http://download.ecmwf.org/test-data/eccodes/data/tigge/tigge_ecmf_sfc_msl.grib
(curl) downloading http://download.ecmwf.org/test-data/eccodes/data/tigge/tigge_ecmf_sfc_mx2t6.grib
(curl) downloading http://download.ecmwf.org/test-data/eccodes/data/tigge/tigge_ecmf_sfc_sd.grib
(curl) downloading http://download.ecmwf.org/test-data/eccodes/data/tigge/tigge_ecmf_sfc_sf.grib
(curl) downloading http://download.ecmwf.org/test-data/eccodes/data/tigge/tigge_ecmf_sfc_skt.grib
(curl) downloading http://download.ecmwf.org/test-data/eccodes/data/tigge/tigge_ecmf_sfc_slhf.grib
(curl) downloading http://download.ecmwf.org/test-data/eccodes/data/tigge/tigge_ecmf_sfc_sm.grib
(curl) downloading http://download.ecmwf.org/test-data/eccodes/data/tigge/tigge_ecmf_sfc_sp.grib
(curl) downloading http://download.ecmwf.org/test-data/eccodes/data/tigge/tigge_ecmf_sfc_sshf.grib
(curl) downloading http://download.ecmwf.org/test-data/eccodes/data/tigge/tigge_ecmf_sfc_ssr.grib
(curl) downloading http://download.ecmwf.org/test-data/eccodes/data/tigge/tigge_ecmf_sfc_st.grib
(curl) downloading http://download.ecmwf.org/test-data/eccodes/data/tigge/tigge_ecmf_sfc_str.grib
(curl) downloading http://download.ecmwf.org/test-data/eccodes/data/tigge/tigge_ecmf_sfc_sund.grib
(curl) downloading http://download.ecmwf.org/test-data/eccodes/data/tigge/tigge_ecmf_sfc_tcc.grib
(curl) downloading http://download.ecmwf.org/test-data/eccodes/data/tigge/tigge_ecmf_sfc_tcw.grib
(curl) downloading http://download.ecmwf.org/test-data/eccodes/data/tigge/tigge_ecmf_sfc_tp.grib
(curl) downloading http://download.ecmwf.org/test-data/eccodes/data/tigge/tigge_ecmf_sfc_ttr.grib
(curl) downloading http://download.ecmwf.org/test-data/eccodes/data/tigge/tigge_egrr_pl_gh.grib
(curl) downloading http://download.ecmwf.org/test-data/eccodes/data/tigge/tigge_egrr_pl_q.grib
(curl) downloading http://download.ecmwf.org/test-data/eccodes/data/tigge/tigge_egrr_pl_t.grib
(curl) downloading http://download.ecmwf.org/test-data/eccodes/data/tigge/tigge_egrr_pl_u.grib
(curl) downloading http://download.ecmwf.org/test-data/eccodes/data/tigge/tigge_egrr_pl_v.grib
(curl) downloading http://download.ecmwf.org/test-data/eccodes/data/tigge/tigge_egrr_pt_pv.grib
(curl) downloading http://download.ecmwf.org/test-data/eccodes/data/tigge/tigge_egrr_pv_pt.grib
(curl) downloading http://download.ecmwf.org/test-data/eccodes/data/tigge/tigge_egrr_pv_u.grib
(curl) downloading http://download.ecmwf.org/test-data/eccodes/data/tigge/tigge_egrr_pv_v.grib
(curl) downloading http://download.ecmwf.org/test-data/eccodes/data/tigge/tigge_egrr_sfc_10u.grib
(curl) downloading http://download.ecmwf.org/test-data/eccodes/data/tigge/tigge_egrr_sfc_10v.grib
(curl) downloading http://download.ecmwf.org/test-data/eccodes/data/tigge/tigge_egrr_sfc_2d.grib
(curl) downloading http://download.ecmwf.org/test-data/eccodes/data/tigge/tigge_egrr_sfc_2t.grib
(curl) downloading http://download.ecmwf.org/test-data/eccodes/data/tigge/tigge_egrr_sfc_mn2t6.grib
(curl) downloading http://download.ecmwf.org/test-data/eccodes/data/tigge/tigge_egrr_sfc_msl.grib
(curl) downloading http://download.ecmwf.org/test-data/eccodes/data/tigge/tigge_egrr_sfc_mx2t6.grib
(curl) downloading http://download.ecmwf.org/test-data/eccodes/data/tigge/tigge_egrr_sfc_sd.grib
(curl) downloading http://download.ecmwf.org/test-data/eccodes/data/tigge/tigge_egrr_sfc_sf.grib
(curl) downloading http://download.ecmwf.org/test-data/eccodes/data/tigge/tigge_egrr_sfc_skt.grib
(curl) downloading http://download.ecmwf.org/test-data/eccodes/data/tigge/tigge_egrr_sfc_slhf.grib
(curl) downloading http://download.ecmwf.org/test-data/eccodes/data/tigge/tigge_egrr_sfc_sm.grib
(curl) downloading http://download.ecmwf.org/test-data/eccodes/data/tigge/tigge_egrr_sfc_sp.grib
(curl) downloading http://download.ecmwf.org/test-data/eccodes/data/tigge/tigge_egrr_sfc_sshf.grib
(curl) downloading http://download.ecmwf.org/test-data/eccodes/data/tigge/tigge_egrr_sfc_ssr.grib
(curl) downloading http://download.ecmwf.org/test-data/eccodes/data/tigge/tigge_egrr_sfc_st.grib
(curl) downloading http://download.ecmwf.org/test-data/eccodes/data/tigge/tigge_egrr_sfc_str.grib
(curl) downloading http://download.ecmwf.org/test-data/eccodes/data/tigge/tigge_egrr_sfc_tcc.grib
(curl) downloading http://download.ecmwf.org/test-data/eccodes/data/tigge/tigge_egrr_sfc_tcw.grib
(curl) downloading http://download.ecmwf.org/test-data/eccodes/data/tigge/tigge_egrr_sfc_tp.grib
(curl) downloading http://download.ecmwf.org/test-data/eccodes/data/tigge/tigge_egrr_sfc_ttr.grib
(curl) downloading http://download.ecmwf.org/test-data/eccodes/data/tigge/tigge_kwbc_pl_gh.grib
(curl) downloading http://download.ecmwf.org/test-data/eccodes/data/tigge/tigge_kwbc_pl_q.grib
(curl) downloading http://download.ecmwf.org/test-data/eccodes/data/tigge/tigge_kwbc_pl_t.grib
(curl) downloading http://download.ecmwf.org/test-data/eccodes/data/tigge/tigge_kwbc_pl_u.grib
(curl) downloading http://download.ecmwf.org/test-data/eccodes/data/tigge/tigge_kwbc_pl_v.grib
(curl) downloading http://download.ecmwf.org/test-data/eccodes/data/tigge/tigge_kwbc_pt_pv.grib
(curl) downloading http://download.ecmwf.org/test-data/eccodes/data/tigge/tigge_kwbc_pv_pt.grib
(curl) downloading http://download.ecmwf.org/test-data/eccodes/data/tigge/tigge_kwbc_pv_u.grib
(curl) downloading http://download.ecmwf.org/test-data/eccodes/data/tigge/tigge_kwbc_pv_v.grib
(curl) downloading http://download.ecmwf.org/test-data/eccodes/data/tigge/tigge_kwbc_sfc_10u.grib
(curl) downloading http://download.ecmwf.org/test-data/eccodes/data/tigge/tigge_kwbc_sfc_10v.grib
(curl) downloading http://download.ecmwf.org/test-data/eccodes/data/tigge/tigge_kwbc_sfc_2d.grib
(curl) downloading http://download.ecmwf.org/test-data/eccodes/data/tigge/tigge_kwbc_sfc_2t.grib
(curl) downloading http://download.ecmwf.org/test-data/eccodes/data/tigge/tigge_kwbc_sfc_cap.grib
(curl) downloading http://download.ecmwf.org/test-data/eccodes/data/tigge/tigge_kwbc_sfc_cape.grib
(curl) downloading http://download.ecmwf.org/test-data/eccodes/data/tigge/tigge_kwbc_sfc_ci.grib
(curl) downloading http://download.ecmwf.org/test-data/eccodes/data/tigge/tigge_kwbc_sfc_lsm.grib
(curl) downloading http://download.ecmwf.org/test-data/eccodes/data/tigge/tigge_kwbc_sfc_mn2t6.grib
(curl) downloading http://download.ecmwf.org/test-data/eccodes/data/tigge/tigge_kwbc_sfc_msl.grib
(curl) downloading http://download.ecmwf.org/test-data/eccodes/data/tigge/tigge_kwbc_sfc_mx2t6.grib
(curl) downloading http://download.ecmwf.org/test-data/eccodes/data/tigge/tigge_kwbc_sfc_sd.grib
(curl) downloading http://download.ecmwf.org/test-data/eccodes/data/tigge/tigge_kwbc_sfc_sf.grib
(curl) downloading http://download.ecmwf.org/test-data/eccodes/data/tigge/tigge_kwbc_sfc_skt.grib
(curl) downloading http://download.ecmwf.org/test-data/eccodes/data/tigge/tigge_kwbc_sfc_slhf.grib
(curl) downloading http://download.ecmwf.org/test-data/eccodes/data/tigge/tigge_kwbc_sfc_sm.grib
(curl) downloading http://download.ecmwf.org/test-data/eccodes/data/tigge/tigge_kwbc_sfc_sp.grib
(curl) downloading http://download.ecmwf.org/test-data/eccodes/data/tigge/tigge_kwbc_sfc_sshf.grib
(curl) downloading http://download.ecmwf.org/test-data/eccodes/data/tigge/tigge_kwbc_sfc_ssr.grib
(curl) downloading http://download.ecmwf.org/test-data/eccodes/data/tigge/tigge_kwbc_sfc_st.grib
(curl) downloading http://download.ecmwf.org/test-data/eccodes/data/tigge/tigge_kwbc_sfc_str.grib
(curl) downloading http://download.ecmwf.org/test-data/eccodes/data/tigge/tigge_kwbc_sfc_tcw.grib
(curl) downloading http://download.ecmwf.org/test-data/eccodes/data/tigge/tigge_kwbc_sfc_tp.grib
(curl) downloading http://download.ecmwf.org/test-data/eccodes/data/tigge/tigge_kwbc_sfc_ttr.grib
(curl) downloading http://download.ecmwf.org/test-data/eccodes/data/tigge/tigge_lfpw_pl_gh.grib
(curl) downloading http://download.ecmwf.org/test-data/eccodes/data/tigge/tigge_lfpw_pl_q.grib
(curl) downloading http://download.ecmwf.org/test-data/eccodes/data/tigge/tigge_lfpw_pl_t.grib
(curl) downloading http://download.ecmwf.org/test-data/eccodes/data/tigge/tigge_lfpw_pl_u.grib
(curl) downloading http://download.ecmwf.org/test-data/eccodes/data/tigge/tigge_lfpw_pl_v.grib
(curl) downloading http://download.ecmwf.org/test-data/eccodes/data/tigge/tigge_lfpw_pv_pt.grib
(curl) downloading http://download.ecmwf.org/test-data/eccodes/data/tigge/tigge_lfpw_pv_u.grib
(curl) downloading http://download.ecmwf.org/test-data/eccodes/data/tigge/tigge_lfpw_pv_v.grib
(curl) downloading http://download.ecmwf.org/test-data/eccodes/data/tigge/tigge_lfpw_sfc_10u.grib
(curl) downloading http://download.ecmwf.org/test-data/eccodes/data/tigge/tigge_lfpw_sfc_10v.grib
(curl) downloading http://download.ecmwf.org/test-data/eccodes/data/tigge/tigge_lfpw_sfc_2d.grib
(curl) downloading http://download.ecmwf.org/test-data/eccodes/data/tigge/tigge_lfpw_sfc_2t.grib
(curl) downloading http://download.ecmwf.org/test-data/eccodes/data/tigge/tigge_lfpw_sfc_cap.grib
(curl) downloading http://download.ecmwf.org/test-data/eccodes/data/tigge/tigge_lfpw_sfc_cape.grib
(curl) downloading http://download.ecmwf.org/test-data/eccodes/data/tigge/tigge_lfpw_sfc_mn2t6.grib
(curl) downloading http://download.ecmwf.org/test-data/eccodes/data/tigge/tigge_lfpw_sfc_msl.grib
(curl) downloading http://download.ecmwf.org/test-data/eccodes/data/tigge/tigge_lfpw_sfc_mx2t6.grib
(curl) downloading http://download.ecmwf.org/test-data/eccodes/data/tigge/tigge_lfpw_sfc_sd.grib
(curl) downloading http://download.ecmwf.org/test-data/eccodes/data/tigge/tigge_lfpw_sfc_sf.grib
(curl) downloading http://download.ecmwf.org/test-data/eccodes/data/tigge/tigge_lfpw_sfc_skt.grib
(curl) downloading http://download.ecmwf.org/test-data/eccodes/data/tigge/tigge_lfpw_sfc_slhf.grib
(curl) downloading http://download.ecmwf.org/test-data/eccodes/data/tigge/tigge_lfpw_sfc_sp.grib
(curl) downloading http://download.ecmwf.org/test-data/eccodes/data/tigge/tigge_lfpw_sfc_sshf.grib
(curl) downloading http://download.ecmwf.org/test-data/eccodes/data/tigge/tigge_lfpw_sfc_ssr.grib
(curl) downloading http://download.ecmwf.org/test-data/eccodes/data/tigge/tigge_lfpw_sfc_st.grib
(curl) downloading http://download.ecmwf.org/test-data/eccodes/data/tigge/tigge_lfpw_sfc_str.grib
(curl) downloading http://download.ecmwf.org/test-data/eccodes/data/tigge/tigge_lfpw_sfc_tcc.grib
(curl) downloading http://download.ecmwf.org/test-data/eccodes/data/tigge/tigge_lfpw_sfc_tcw.grib
(curl) downloading http://download.ecmwf.org/test-data/eccodes/data/tigge/tigge_lfpw_sfc_tp.grib
(curl) downloading http://download.ecmwf.org/test-data/eccodes/data/tigge/tigge_lfpw_sfc_ttr.grib
(curl) downloading http://download.ecmwf.org/test-data/eccodes/data/tigge/tigge_rjtd_pl_gh.grib
(curl) downloading http://download.ecmwf.org/test-data/eccodes/data/tigge/tigge_rjtd_pl_q.grib
(curl) downloading http://download.ecmwf.org/test-data/eccodes/data/tigge/tigge_rjtd_pl_t.grib
(curl) downloading http://download.ecmwf.org/test-data/eccodes/data/tigge/tigge_rjtd_pl_u.grib
(curl) downloading http://download.ecmwf.org/test-data/eccodes/data/tigge/tigge_rjtd_pl_v.grib
(curl) downloading http://download.ecmwf.org/test-data/eccodes/data/tigge/tigge_rjtd_sfc_10u.grib
(curl) downloading http://download.ecmwf.org/test-data/eccodes/data/tigge/tigge_rjtd_sfc_10v.grib
(curl) downloading http://download.ecmwf.org/test-data/eccodes/data/tigge/tigge_rjtd_sfc_2d.grib
(curl) downloading http://download.ecmwf.org/test-data/eccodes/data/tigge/tigge_rjtd_sfc_2t.grib
(curl) downloading http://download.ecmwf.org/test-data/eccodes/data/tigge/tigge_rjtd_sfc_mn2t6.grib
(curl) downloading http://download.ecmwf.org/test-data/eccodes/data/tigge/tigge_rjtd_sfc_msl.grib
(curl) downloading http://download.ecmwf.org/test-data/eccodes/data/tigge/tigge_rjtd_sfc_mx2t6.grib
(curl) downloading http://download.ecmwf.org/test-data/eccodes/data/tigge/tigge_rjtd_sfc_sd.grib
(curl) downloading http://download.ecmwf.org/test-data/eccodes/data/tigge/tigge_rjtd_sfc_skt.grib
(curl) downloading http://download.ecmwf.org/test-data/eccodes/data/tigge/tigge_rjtd_sfc_slhf.grib
(curl) downloading http://download.ecmwf.org/test-data/eccodes/data/tigge/tigge_rjtd_sfc_sm.grib
(curl) downloading http://download.ecmwf.org/test-data/eccodes/data/tigge/tigge_rjtd_sfc_sp.grib
(curl) downloading http://download.ecmwf.org/test-data/eccodes/data/tigge/tigge_rjtd_sfc_sshf.grib
(curl) downloading http://download.ecmwf.org/test-data/eccodes/data/tigge/tigge_rjtd_sfc_ssr.grib
(curl) downloading http://download.ecmwf.org/test-data/eccodes/data/tigge/tigge_rjtd_sfc_str.grib
(curl) downloading http://download.ecmwf.org/test-data/eccodes/data/tigge/tigge_rjtd_sfc_tcc.grib
(curl) downloading http://download.ecmwf.org/test-data/eccodes/data/tigge/tigge_rjtd_sfc_tcw.grib
(curl) downloading http://download.ecmwf.org/test-data/eccodes/data/tigge/tigge_rjtd_sfc_tp.grib
(curl) downloading http://download.ecmwf.org/test-data/eccodes/data/tigge/tigge_rjtd_sfc_ttr.grib
(curl) downloading http://download.ecmwf.org/test-data/eccodes/data/tigge/tigge_rksl_pl_gh.grib
(curl) downloading http://download.ecmwf.org/test-data/eccodes/data/tigge/tigge_rksl_pl_q.grib
(curl) downloading http://download.ecmwf.org/test-data/eccodes/data/tigge/tigge_rksl_pl_t.grib
(curl) downloading http://download.ecmwf.org/test-data/eccodes/data/tigge/tigge_rksl_pl_u.grib
(curl) downloading http://download.ecmwf.org/test-data/eccodes/data/tigge/tigge_rksl_pl_v.grib
(curl) downloading http://download.ecmwf.org/test-data/eccodes/data/tigge/tigge_rksl_sfc_10u.grib
(curl) downloading http://download.ecmwf.org/test-data/eccodes/data/tigge/tigge_rksl_sfc_10v.grib
(curl) downloading http://download.ecmwf.org/test-data/eccodes/data/tigge/tigge_rksl_sfc_2t.grib
(curl) downloading http://download.ecmwf.org/test-data/eccodes/data/tigge/tigge_rksl_sfc_msl.grib
(curl) downloading http://download.ecmwf.org/test-data/eccodes/data/tigge/tigge_rksl_sfc_sp.grib
(curl) downloading http://download.ecmwf.org/test-data/eccodes/data/tigge/tigge_sbsj_pl_gh.grib
(curl) downloading http://download.ecmwf.org/test-data/eccodes/data/tigge/tigge_sbsj_pl_q.grib
(curl) downloading http://download.ecmwf.org/test-data/eccodes/data/tigge/tigge_sbsj_pl_t.grib
(curl) downloading http://download.ecmwf.org/test-data/eccodes/data/tigge/tigge_sbsj_pl_u.grib
(curl) downloading http://download.ecmwf.org/test-data/eccodes/data/tigge/tigge_sbsj_pl_v.grib
(curl) downloading http://download.ecmwf.org/test-data/eccodes/data/tigge/tigge_sbsj_sfc_10u.grib
(curl) downloading http://download.ecmwf.org/test-data/eccodes/data/tigge/tigge_sbsj_sfc_10v.grib
(curl) downloading http://download.ecmwf.org/test-data/eccodes/data/tigge/tigge_sbsj_sfc_2t.grib
(curl) downloading http://download.ecmwf.org/test-data/eccodes/data/tigge/tigge_sbsj_sfc_msl.grib
(curl) downloading http://download.ecmwf.org/test-data/eccodes/data/tigge/tigge_sbsj_sfc_sf.grib
(curl) downloading http://download.ecmwf.org/test-data/eccodes/data/tigge/tigge_sbsj_sfc_skt.grib
(curl) downloading http://download.ecmwf.org/test-data/eccodes/data/tigge/tigge_sbsj_sfc_sp.grib
(curl) downloading http://download.ecmwf.org/test-data/eccodes/data/tigge/tigge_sbsj_sfc_ssr.grib
(curl) downloading http://download.ecmwf.org/test-data/eccodes/data/tigge/tigge_sbsj_sfc_st.grib
(curl) downloading http://download.ecmwf.org/test-data/eccodes/data/tigge/tigge_sbsj_sfc_tcc.grib
(curl) downloading http://download.ecmwf.org/test-data/eccodes/data/tigge/tigge_sbsj_sfc_tcw.grib
(curl) downloading http://download.ecmwf.org/test-data/eccodes/data/tigge/tigge_sbsj_sfc_tp.grib
(curl) downloading http://download.ecmwf.org/test-data/eccodes/data/tigge/tiggelam_cnmc_sfc.grib
<end of output>
Test time =  30.35 sec
----------------------------------------------------------
Test Passed.
"eccodes_download_tigge_gribs" end time: Mar 22 09:33 UTC
"eccodes_download_tigge_gribs" time elapsed: 00:00:30
----------------------------------------------------------

171/173 Testing: eccodes_download_bufrs
171/173 Test: eccodes_download_bufrs
Command: "/usr/bin/cmake" "-P" "/metfark/metfark/metfark/libeccodes/build/data/bufr/get_data_eccodes_download_bufrs.cmake"
Directory: /metfark/metfark/metfark/libeccodes/build/data/bufr
"eccodes_download_bufrs" start time: Mar 22 09:33 UTC
Output:
----------------------------------------------------------
(curl) downloading http://download.ecmwf.org/test-data/eccodes/data/bufr/aaen_55.bufr
(curl) downloading http://download.ecmwf.org/test-data/eccodes/data/bufr/aben_55.bufr
(curl) downloading http://download.ecmwf.org/test-data/eccodes/data/bufr/ahws_139.bufr
(curl) downloading http://download.ecmwf.org/test-data/eccodes/data/bufr/airc_142.bufr
(curl) downloading http://download.ecmwf.org/test-data/eccodes/data/bufr/airc_144.bufr
(curl) downloading http://download.ecmwf.org/test-data/eccodes/data/bufr/airs_57.bufr
(curl) downloading http://download.ecmwf.org/test-data/eccodes/data/bufr/alws_139.bufr
(curl) downloading http://download.ecmwf.org/test-data/eccodes/data/bufr/amda_144.bufr
(curl) downloading http://download.ecmwf.org/test-data/eccodes/data/bufr/amsa_55.bufr
(curl) downloading http://download.ecmwf.org/test-data/eccodes/data/bufr/amsb_55.bufr
(curl) downloading http://download.ecmwf.org/test-data/eccodes/data/bufr/amse_55.bufr
(curl) downloading http://download.ecmwf.org/test-data/eccodes/data/bufr/amsu_55.bufr
(curl) downloading http://download.ecmwf.org/test-data/eccodes/data/bufr/amv2_87.bufr
(curl) downloading http://download.ecmwf.org/test-data/eccodes/data/bufr/amv3_87.bufr
(curl) downloading http://download.ecmwf.org/test-data/eccodes/data/bufr/asbh_139.bufr
(curl) downloading http://download.ecmwf.org/test-data/eccodes/data/bufr/asbl_139.bufr
(curl) downloading http://download.ecmwf.org/test-data/eccodes/data/bufr/asca_139.bufr
(curl) downloading http://download.ecmwf.org/test-data/eccodes/data/bufr/asch_139.bufr
(curl) downloading http://download.ecmwf.org/test-data/eccodes/data/bufr/ascs_139.bufr
(curl) downloading http://download.ecmwf.org/test-data/eccodes/data/bufr/aseh_139.bufr
(curl) downloading http://download.ecmwf.org/test-data/eccodes/data/bufr/asel_139.bufr
(curl) downloading http://download.ecmwf.org/test-data/eccodes/data/bufr/ashs_139.bufr
(curl) downloading http://download.ecmwf.org/test-data/eccodes/data/bufr/atap_55.bufr
(curl) downloading http://download.ecmwf.org/test-data/eccodes/data/bufr/ateu_155.bufr
(curl) downloading http://download.ecmwf.org/test-data/eccodes/data/bufr/atms_201.bufr
(curl) downloading http://download.ecmwf.org/test-data/eccodes/data/bufr/atov_55.bufr
(curl) downloading http://download.ecmwf.org/test-data/eccodes/data/bufr/avhm_87.bufr
(curl) downloading http://download.ecmwf.org/test-data/eccodes/data/bufr/avhn_87.bufr
(curl) downloading http://download.ecmwf.org/test-data/eccodes/data/bufr/avhr_58.bufr
(curl) downloading http://download.ecmwf.org/test-data/eccodes/data/bufr/b002_95.bufr
(curl) downloading http://download.ecmwf.org/test-data/eccodes/data/bufr/b002_96.bufr
(curl) downloading http://download.ecmwf.org/test-data/eccodes/data/bufr/b003_56.bufr
(curl) downloading http://download.ecmwf.org/test-data/eccodes/data/bufr/b004_145.bufr
(curl) downloading http://download.ecmwf.org/test-data/eccodes/data/bufr/b005_87.bufr
(curl) downloading http://download.ecmwf.org/test-data/eccodes/data/bufr/b005_89.bufr
(curl) downloading http://download.ecmwf.org/test-data/eccodes/data/bufr/b006_96.bufr
(curl) downloading http://download.ecmwf.org/test-data/eccodes/data/bufr/b007_31.bufr
(curl) downloading http://download.ecmwf.org/test-data/eccodes/data/bufr/bssh_170.bufr
(curl) downloading http://download.ecmwf.org/test-data/eccodes/data/bufr/bssh_176.bufr
(curl) downloading http://download.ecmwf.org/test-data/eccodes/data/bufr/bssh_178.bufr
(curl) downloading http://download.ecmwf.org/test-data/eccodes/data/bufr/bssh_180.bufr
(curl) downloading http://download.ecmwf.org/test-data/eccodes/data/bufr/btem_109.bufr
(curl) downloading http://download.ecmwf.org/test-data/eccodes/data/bufr/buoy_27.bufr
(curl) downloading http://download.ecmwf.org/test-data/eccodes/data/bufr/cmwi_87.bufr
(curl) downloading http://download.ecmwf.org/test-data/eccodes/data/bufr/cmwn_87.bufr
(curl) downloading http://download.ecmwf.org/test-data/eccodes/data/bufr/cnow_28.bufr
(curl) downloading http://download.ecmwf.org/test-data/eccodes/data/bufr/cori_156.bufr
(curl) downloading http://download.ecmwf.org/test-data/eccodes/data/bufr/crit_202.bufr
(curl) downloading http://download.ecmwf.org/test-data/eccodes/data/bufr/csrh_189.bufr
(curl) downloading http://download.ecmwf.org/test-data/eccodes/data/bufr/emsg_189.bufr
(curl) downloading http://download.ecmwf.org/test-data/eccodes/data/bufr/emsg_87.bufr
(curl) downloading http://download.ecmwf.org/test-data/eccodes/data/bufr/euwv_87.bufr
(curl) downloading http://download.ecmwf.org/test-data/eccodes/data/bufr/fy3a_154.bufr
(curl) downloading http://download.ecmwf.org/test-data/eccodes/data/bufr/fy3b_154.bufr
(curl) downloading http://download.ecmwf.org/test-data/eccodes/data/bufr/g2nd_208.bufr
(curl) downloading http://download.ecmwf.org/test-data/eccodes/data/bufr/g2to_206.bufr
(curl) downloading http://download.ecmwf.org/test-data/eccodes/data/bufr/go15_87.bufr
(curl) downloading http://download.ecmwf.org/test-data/eccodes/data/bufr/goee_87.bufr
(curl) downloading http://download.ecmwf.org/test-data/eccodes/data/bufr/goes_87.bufr
(curl) downloading http://download.ecmwf.org/test-data/eccodes/data/bufr/goga_89.bufr
(curl) downloading http://download.ecmwf.org/test-data/eccodes/data/bufr/gosat.bufr
(curl) downloading http://download.ecmwf.org/test-data/eccodes/data/bufr/grst_26.bufr
(curl) downloading http://download.ecmwf.org/test-data/eccodes/data/bufr/gsd1_208.bufr
(curl) downloading http://download.ecmwf.org/test-data/eccodes/data/bufr/gsd2_208.bufr
(curl) downloading http://download.ecmwf.org/test-data/eccodes/data/bufr/gsd3_208.bufr
(curl) downloading http://download.ecmwf.org/test-data/eccodes/data/bufr/gst4_26.bufr
(curl) downloading http://download.ecmwf.org/test-data/eccodes/data/bufr/hirb_55.bufr
(curl) downloading http://download.ecmwf.org/test-data/eccodes/data/bufr/hirs_55.bufr
(curl) downloading http://download.ecmwf.org/test-data/eccodes/data/bufr/ias1_240.bufr
(curl) downloading http://download.ecmwf.org/test-data/eccodes/data/bufr/iasi_241.bufr
(curl) downloading http://download.ecmwf.org/test-data/eccodes/data/bufr/ifco_208.bufr
(curl) downloading http://download.ecmwf.org/test-data/eccodes/data/bufr/ikco_217.bufr
(curl) downloading http://download.ecmwf.org/test-data/eccodes/data/bufr/itrg_208.bufr
(curl) downloading http://download.ecmwf.org/test-data/eccodes/data/bufr/itwt_233.bufr
(curl) downloading http://download.ecmwf.org/test-data/eccodes/data/bufr/j2eo_216.bufr
(curl) downloading http://download.ecmwf.org/test-data/eccodes/data/bufr/j2nb_216.bufr
(curl) downloading http://download.ecmwf.org/test-data/eccodes/data/bufr/jaso_214.bufr
(curl) downloading http://download.ecmwf.org/test-data/eccodes/data/bufr/kond_209.bufr
(curl) downloading http://download.ecmwf.org/test-data/eccodes/data/bufr/maer_207.bufr
(curl) downloading http://download.ecmwf.org/test-data/eccodes/data/bufr/meta_140.bufr
(curl) downloading http://download.ecmwf.org/test-data/eccodes/data/bufr/mhen_55.bufr
(curl) downloading http://download.ecmwf.org/test-data/eccodes/data/bufr/mhsa_55.bufr
(curl) downloading http://download.ecmwf.org/test-data/eccodes/data/bufr/mhsb_55.bufr
(curl) downloading http://download.ecmwf.org/test-data/eccodes/data/bufr/mhse_55.bufr
(curl) downloading http://download.ecmwf.org/test-data/eccodes/data/bufr/mloz_206.bufr
(curl) downloading http://download.ecmwf.org/test-data/eccodes/data/bufr/modi_87.bufr
(curl) downloading http://download.ecmwf.org/test-data/eccodes/data/bufr/modw_87.bufr
(curl) downloading http://download.ecmwf.org/test-data/eccodes/data/bufr/monw_87.bufr
(curl) downloading http://download.ecmwf.org/test-data/eccodes/data/bufr/nomi_206.bufr
(curl) downloading http://download.ecmwf.org/test-data/eccodes/data/bufr/nos1_208.bufr
(curl) downloading http://download.ecmwf.org/test-data/eccodes/data/bufr/nos2_208.bufr
(curl) downloading http://download.ecmwf.org/test-data/eccodes/data/bufr/nos3_208.bufr
(curl) downloading http://download.ecmwf.org/test-data/eccodes/data/bufr/nos4_208.bufr
(curl) downloading http://download.ecmwf.org/test-data/eccodes/data/bufr/nos5_208.bufr
(curl) downloading http://download.ecmwf.org/test-data/eccodes/data/bufr/nos6_208.bufr
(curl) downloading http://download.ecmwf.org/test-data/eccodes/data/bufr/nos7_208.bufr
(curl) downloading http://download.ecmwf.org/test-data/eccodes/data/bufr/nos8_208.bufr
(curl) downloading http://download.ecmwf.org/test-data/eccodes/data/bufr/ocea_131.bufr
(curl) downloading http://download.ecmwf.org/test-data/eccodes/data/bufr/ocea_132.bufr
(curl) downloading http://download.ecmwf.org/test-data/eccodes/data/bufr/ocea_133.bufr
(curl) downloading http://download.ecmwf.org/test-data/eccodes/data/bufr/ocea_21.bufr
(curl) downloading http://download.ecmwf.org/test-data/eccodes/data/bufr/pgps_110.bufr
(curl) downloading http://download.ecmwf.org/test-data/eccodes/data/bufr/pilo_91.bufr
(curl) downloading http://download.ecmwf.org/test-data/eccodes/data/bufr/rada_250.bufr
(curl) downloading http://download.ecmwf.org/test-data/eccodes/data/bufr/rado_250.bufr
(curl) downloading http://download.ecmwf.org/test-data/eccodes/data/bufr/s4kn_165.bufr
(curl) downloading http://download.ecmwf.org/test-data/eccodes/data/bufr/sb19_206.bufr
(curl) downloading http://download.ecmwf.org/test-data/eccodes/data/bufr/sbu8_206.bufr
(curl) downloading http://download.ecmwf.org/test-data/eccodes/data/bufr/ship_13.bufr
(curl) downloading http://download.ecmwf.org/test-data/eccodes/data/bufr/ship_19.bufr
(curl) downloading http://download.ecmwf.org/test-data/eccodes/data/bufr/ship_9.bufr
(curl) downloading http://download.ecmwf.org/test-data/eccodes/data/bufr/smin_49.bufr
(curl) downloading http://download.ecmwf.org/test-data/eccodes/data/bufr/smis_49.bufr
(curl) downloading http://download.ecmwf.org/test-data/eccodes/data/bufr/smiu_49.bufr
(curl) downloading http://download.ecmwf.org/test-data/eccodes/data/bufr/smos_203.bufr
(curl) downloading http://download.ecmwf.org/test-data/eccodes/data/bufr/sn4k_165.bufr
(curl) downloading http://download.ecmwf.org/test-data/eccodes/data/bufr/soil_7.bufr
(curl) downloading http://download.ecmwf.org/test-data/eccodes/data/bufr/ssbt_127.bufr
(curl) downloading http://download.ecmwf.org/test-data/eccodes/data/bufr/stuk_7.bufr
(curl) downloading http://download.ecmwf.org/test-data/eccodes/data/bufr/syno_1.bufr
(curl) downloading http://download.ecmwf.org/test-data/eccodes/data/bufr/syno_3.bufr
(curl) downloading http://download.ecmwf.org/test-data/eccodes/data/bufr/syno_4.bufr
(curl) downloading http://download.ecmwf.org/test-data/eccodes/data/bufr/syno_multi.bufr
(curl) downloading http://download.ecmwf.org/test-data/eccodes/data/bufr/synop_multi_subset.bufr
(curl) downloading http://download.ecmwf.org/test-data/eccodes/data/bufr/temp_101.bufr
(curl) downloading http://download.ecmwf.org/test-data/eccodes/data/bufr/temp_102.bufr
(curl) downloading http://download.ecmwf.org/test-data/eccodes/data/bufr/temp_106.bufr
(curl) downloading http://download.ecmwf.org/test-data/eccodes/data/bufr/tmr7_129.bufr
(curl) downloading http://download.ecmwf.org/test-data/eccodes/data/bufr/tros_31.bufr
(curl) downloading http://download.ecmwf.org/test-data/eccodes/data/bufr/wavb_134.bufr
(curl) downloading http://download.ecmwf.org/test-data/eccodes/data/bufr/207003.bufr
(curl) downloading http://download.ecmwf.org/test-data/eccodes/data/bufr/new.bufr
(curl) downloading http://download.ecmwf.org/test-data/eccodes/data/bufr/tropical_cyclone.bufr
(curl) downloading http://download.ecmwf.org/test-data/eccodes/data/bufr/uegabe.bufr
(curl) downloading http://download.ecmwf.org/test-data/eccodes/data/bufr/PraticaTemp.bufr
(curl) downloading http://download.ecmwf.org/test-data/eccodes/data/bufr/profiler_european.bufr
(curl) downloading http://download.ecmwf.org/test-data/eccodes/data/bufr/metar_with_2_bias.bufr
(curl) downloading http://download.ecmwf.org/test-data/eccodes/data/bufr/temp-land-with-substituted-values.bufr
(curl) downloading http://download.ecmwf.org/test-data/eccodes/data/bufr/imssnow.bufr
(curl) downloading http://download.ecmwf.org/test-data/eccodes/data/bufr/sentinel1.bufr
(curl) downloading http://download.ecmwf.org/test-data/eccodes/data/bufr/srals3_ecmwf4.bufr
(curl) downloading http://download.ecmwf.org/test-data/eccodes/data/bufr/srals3_eumetsat.bufr
(curl) downloading http://download.ecmwf.org/test-data/eccodes/data/bufr/eumetsat_iasi_co.bufr
(curl) downloading http://download.ecmwf.org/test-data/eccodes/data/bufr/eum_iasi_twt.bufr
(curl) downloading http://download.ecmwf.org/test-data/eccodes/data/bufr/delayed_repl_01.bufr
(curl) downloading http://download.ecmwf.org/test-data/eccodes/data/bufr/aaen_55.bufr.num.ref
(curl) downloading http://download.ecmwf.org/test-data/eccodes/data/bufr/aben_55.bufr.num.ref
(curl) downloading http://download.ecmwf.org/test-data/eccodes/data/bufr/ahws_139.bufr.num.ref
(curl) downloading http://download.ecmwf.org/test-data/eccodes/data/bufr/airc_142.bufr.num.ref
(curl) downloading http://download.ecmwf.org/test-data/eccodes/data/bufr/airc_144.bufr.num.ref
(curl) downloading http://download.ecmwf.org/test-data/eccodes/data/bufr/airs_57.bufr.num.ref
(curl) downloading http://download.ecmwf.org/test-data/eccodes/data/bufr/alws_139.bufr.num.ref
(curl) downloading http://download.ecmwf.org/test-data/eccodes/data/bufr/amda_144.bufr.num.ref
(curl) downloading http://download.ecmwf.org/test-data/eccodes/data/bufr/amsa_55.bufr.num.ref
(curl) downloading http://download.ecmwf.org/test-data/eccodes/data/bufr/amsb_55.bufr.num.ref
(curl) downloading http://download.ecmwf.org/test-data/eccodes/data/bufr/amse_55.bufr.num.ref
(curl) downloading http://download.ecmwf.org/test-data/eccodes/data/bufr/amsu_55.bufr.num.ref
(curl) downloading http://download.ecmwf.org/test-data/eccodes/data/bufr/amv2_87.bufr.num.ref
(curl) downloading http://download.ecmwf.org/test-data/eccodes/data/bufr/amv3_87.bufr.num.ref
(curl) downloading http://download.ecmwf.org/test-data/eccodes/data/bufr/asbh_139.bufr.num.ref
(curl) downloading http://download.ecmwf.org/test-data/eccodes/data/bufr/asbl_139.bufr.num.ref
(curl) downloading http://download.ecmwf.org/test-data/eccodes/data/bufr/asca_139.bufr.num.ref
(curl) downloading http://download.ecmwf.org/test-data/eccodes/data/bufr/asch_139.bufr.num.ref
(curl) downloading http://download.ecmwf.org/test-data/eccodes/data/bufr/ascs_139.bufr.num.ref
(curl) downloading http://download.ecmwf.org/test-data/eccodes/data/bufr/aseh_139.bufr.num.ref
(curl) downloading http://download.ecmwf.org/test-data/eccodes/data/bufr/asel_139.bufr.num.ref
(curl) downloading http://download.ecmwf.org/test-data/eccodes/data/bufr/ashs_139.bufr.num.ref
(curl) downloading http://download.ecmwf.org/test-data/eccodes/data/bufr/atap_55.bufr.num.ref
(curl) downloading http://download.ecmwf.org/test-data/eccodes/data/bufr/ateu_155.bufr.num.ref
(curl) downloading http://download.ecmwf.org/test-data/eccodes/data/bufr/atms_201.bufr.num.ref
(curl) downloading http://download.ecmwf.org/test-data/eccodes/data/bufr/atov_55.bufr.num.ref
(curl) downloading http://download.ecmwf.org/test-data/eccodes/data/bufr/avhm_87.bufr.num.ref
(curl) downloading http://download.ecmwf.org/test-data/eccodes/data/bufr/avhn_87.bufr.num.ref
(curl) downloading http://download.ecmwf.org/test-data/eccodes/data/bufr/avhr_58.bufr.num.ref
(curl) downloading http://download.ecmwf.org/test-data/eccodes/data/bufr/b002_95.bufr.num.ref
(curl) downloading http://download.ecmwf.org/test-data/eccodes/data/bufr/b002_96.bufr.num.ref
(curl) downloading http://download.ecmwf.org/test-data/eccodes/data/bufr/b003_56.bufr.num.ref
(curl) downloading http://download.ecmwf.org/test-data/eccodes/data/bufr/b004_145.bufr.num.ref
(curl) downloading http://download.ecmwf.org/test-data/eccodes/data/bufr/b005_87.bufr.num.ref
(curl) downloading http://download.ecmwf.org/test-data/eccodes/data/bufr/b005_89.bufr.num.ref
(curl) downloading http://download.ecmwf.org/test-data/eccodes/data/bufr/b006_96.bufr.num.ref
(curl) downloading http://download.ecmwf.org/test-data/eccodes/data/bufr/b007_31.bufr.num.ref
(curl) downloading http://download.ecmwf.org/test-data/eccodes/data/bufr/bssh_170.bufr.num.ref
(curl) downloading http://download.ecmwf.org/test-data/eccodes/data/bufr/bssh_176.bufr.num.ref
(curl) downloading http://download.ecmwf.org/test-data/eccodes/data/bufr/bssh_178.bufr.num.ref
(curl) downloading http://download.ecmwf.org/test-data/eccodes/data/bufr/bssh_180.bufr.num.ref
(curl) downloading http://download.ecmwf.org/test-data/eccodes/data/bufr/btem_109.bufr.num.ref
(curl) downloading http://download.ecmwf.org/test-data/eccodes/data/bufr/buoy_27.bufr.num.ref
(curl) downloading http://download.ecmwf.org/test-data/eccodes/data/bufr/cmwi_87.bufr.num.ref
(curl) downloading http://download.ecmwf.org/test-data/eccodes/data/bufr/cmwn_87.bufr.num.ref
(curl) downloading http://download.ecmwf.org/test-data/eccodes/data/bufr/cnow_28.bufr.num.ref
(curl) downloading http://download.ecmwf.org/test-data/eccodes/data/bufr/cori_156.bufr.num.ref
(curl) downloading http://download.ecmwf.org/test-data/eccodes/data/bufr/crit_202.bufr.num.ref
(curl) downloading http://download.ecmwf.org/test-data/eccodes/data/bufr/csrh_189.bufr.num.ref
(curl) downloading http://download.ecmwf.org/test-data/eccodes/data/bufr/emsg_189.bufr.num.ref
(curl) downloading http://download.ecmwf.org/test-data/eccodes/data/bufr/emsg_87.bufr.num.ref
(curl) downloading http://download.ecmwf.org/test-data/eccodes/data/bufr/euwv_87.bufr.num.ref
(curl) downloading http://download.ecmwf.org/test-data/eccodes/data/bufr/fy3a_154.bufr.num.ref
(curl) downloading http://download.ecmwf.org/test-data/eccodes/data/bufr/fy3b_154.bufr.num.ref
(curl) downloading http://download.ecmwf.org/test-data/eccodes/data/bufr/g2nd_208.bufr.num.ref
(curl) downloading http://download.ecmwf.org/test-data/eccodes/data/bufr/g2to_206.bufr.num.ref
(curl) downloading http://download.ecmwf.org/test-data/eccodes/data/bufr/go15_87.bufr.num.ref
(curl) downloading http://download.ecmwf.org/test-data/eccodes/data/bufr/goee_87.bufr.num.ref
(curl) downloading http://download.ecmwf.org/test-data/eccodes/data/bufr/goes_87.bufr.num.ref
(curl) downloading http://download.ecmwf.org/test-data/eccodes/data/bufr/goga_89.bufr.num.ref
(curl) downloading http://download.ecmwf.org/test-data/eccodes/data/bufr/gosat.bufr.num.ref
(curl) downloading http://download.ecmwf.org/test-data/eccodes/data/bufr/grst_26.bufr.num.ref
(curl) downloading http://download.ecmwf.org/test-data/eccodes/data/bufr/gsd1_208.bufr.num.ref
(curl) downloading http://download.ecmwf.org/test-data/eccodes/data/bufr/gsd2_208.bufr.num.ref
(curl) downloading http://download.ecmwf.org/test-data/eccodes/data/bufr/gsd3_208.bufr.num.ref
(curl) downloading http://download.ecmwf.org/test-data/eccodes/data/bufr/gst4_26.bufr.num.ref
(curl) downloading http://download.ecmwf.org/test-data/eccodes/data/bufr/hirb_55.bufr.num.ref
(curl) downloading http://download.ecmwf.org/test-data/eccodes/data/bufr/hirs_55.bufr.num.ref
(curl) downloading http://download.ecmwf.org/test-data/eccodes/data/bufr/ias1_240.bufr.num.ref
(curl) downloading http://download.ecmwf.org/test-data/eccodes/data/bufr/iasi_241.bufr.num.ref
(curl) downloading http://download.ecmwf.org/test-data/eccodes/data/bufr/ifco_208.bufr.num.ref
(curl) downloading http://download.ecmwf.org/test-data/eccodes/data/bufr/ikco_217.bufr.num.ref
(curl) downloading http://download.ecmwf.org/test-data/eccodes/data/bufr/itrg_208.bufr.num.ref
(curl) downloading http://download.ecmwf.org/test-data/eccodes/data/bufr/itwt_233.bufr.num.ref
(curl) downloading http://download.ecmwf.org/test-data/eccodes/data/bufr/j2eo_216.bufr.num.ref
(curl) downloading http://download.ecmwf.org/test-data/eccodes/data/bufr/j2nb_216.bufr.num.ref
(curl) downloading http://download.ecmwf.org/test-data/eccodes/data/bufr/jaso_214.bufr.num.ref
(curl) downloading http://download.ecmwf.org/test-data/eccodes/data/bufr/kond_209.bufr.num.ref
(curl) downloading http://download.ecmwf.org/test-data/eccodes/data/bufr/maer_207.bufr.num.ref
(curl) downloading http://download.ecmwf.org/test-data/eccodes/data/bufr/meta_140.bufr.num.ref
(curl) downloading http://download.ecmwf.org/test-data/eccodes/data/bufr/mhen_55.bufr.num.ref
(curl) downloading http://download.ecmwf.org/test-data/eccodes/data/bufr/mhsa_55.bufr.num.ref
(curl) downloading http://download.ecmwf.org/test-data/eccodes/data/bufr/mhsb_55.bufr.num.ref
(curl) downloading http://download.ecmwf.org/test-data/eccodes/data/bufr/mhse_55.bufr.num.ref
(curl) downloading http://download.ecmwf.org/test-data/eccodes/data/bufr/mloz_206.bufr.num.ref
(curl) downloading http://download.ecmwf.org/test-data/eccodes/data/bufr/modi_87.bufr.num.ref
(curl) downloading http://download.ecmwf.org/test-data/eccodes/data/bufr/modw_87.bufr.num.ref
(curl) downloading http://download.ecmwf.org/test-data/eccodes/data/bufr/monw_87.bufr.num.ref
(curl) downloading http://download.ecmwf.org/test-data/eccodes/data/bufr/nomi_206.bufr.num.ref
(curl) downloading http://download.ecmwf.org/test-data/eccodes/data/bufr/nos1_208.bufr.num.ref
(curl) downloading http://download.ecmwf.org/test-data/eccodes/data/bufr/nos2_208.bufr.num.ref
(curl) downloading http://download.ecmwf.org/test-data/eccodes/data/bufr/nos3_208.bufr.num.ref
(curl) downloading http://download.ecmwf.org/test-data/eccodes/data/bufr/nos4_208.bufr.num.ref
(curl) downloading http://download.ecmwf.org/test-data/eccodes/data/bufr/nos5_208.bufr.num.ref
(curl) downloading http://download.ecmwf.org/test-data/eccodes/data/bufr/nos6_208.bufr.num.ref
(curl) downloading http://download.ecmwf.org/test-data/eccodes/data/bufr/nos7_208.bufr.num.ref
(curl) downloading http://download.ecmwf.org/test-data/eccodes/data/bufr/nos8_208.bufr.num.ref
(curl) downloading http://download.ecmwf.org/test-data/eccodes/data/bufr/ocea_131.bufr.num.ref
(curl) downloading http://download.ecmwf.org/test-data/eccodes/data/bufr/ocea_132.bufr.num.ref
(curl) downloading http://download.ecmwf.org/test-data/eccodes/data/bufr/ocea_133.bufr.num.ref
(curl) downloading http://download.ecmwf.org/test-data/eccodes/data/bufr/ocea_21.bufr.num.ref
(curl) downloading http://download.ecmwf.org/test-data/eccodes/data/bufr/pgps_110.bufr.num.ref
(curl) downloading http://download.ecmwf.org/test-data/eccodes/data/bufr/pilo_91.bufr.num.ref
(curl) downloading http://download.ecmwf.org/test-data/eccodes/data/bufr/rada_250.bufr.num.ref
(curl) downloading http://download.ecmwf.org/test-data/eccodes/data/bufr/rado_250.bufr.num.ref
(curl) downloading http://download.ecmwf.org/test-data/eccodes/data/bufr/s4kn_165.bufr.num.ref
(curl) downloading http://download.ecmwf.org/test-data/eccodes/data/bufr/sb19_206.bufr.num.ref
(curl) downloading http://download.ecmwf.org/test-data/eccodes/data/bufr/sbu8_206.bufr.num.ref
(curl) downloading http://download.ecmwf.org/test-data/eccodes/data/bufr/ship_13.bufr.num.ref
(curl) downloading http://download.ecmwf.org/test-data/eccodes/data/bufr/ship_19.bufr.num.ref
(curl) downloading http://download.ecmwf.org/test-data/eccodes/data/bufr/ship_9.bufr.num.ref
(curl) downloading http://download.ecmwf.org/test-data/eccodes/data/bufr/smin_49.bufr.num.ref
(curl) downloading http://download.ecmwf.org/test-data/eccodes/data/bufr/smis_49.bufr.num.ref
(curl) downloading http://download.ecmwf.org/test-data/eccodes/data/bufr/smiu_49.bufr.num.ref
(curl) downloading http://download.ecmwf.org/test-data/eccodes/data/bufr/smos_203.bufr.num.ref
(curl) downloading http://download.ecmwf.org/test-data/eccodes/data/bufr/sn4k_165.bufr.num.ref
(curl) downloading http://download.ecmwf.org/test-data/eccodes/data/bufr/soil_7.bufr.num.ref
(curl) downloading http://download.ecmwf.org/test-data/eccodes/data/bufr/ssbt_127.bufr.num.ref
(curl) downloading http://download.ecmwf.org/test-data/eccodes/data/bufr/stuk_7.bufr.num.ref
(curl) downloading http://download.ecmwf.org/test-data/eccodes/data/bufr/syno_1.bufr.num.ref
(curl) downloading http://download.ecmwf.org/test-data/eccodes/data/bufr/syno_3.bufr.num.ref
(curl) downloading http://download.ecmwf.org/test-data/eccodes/data/bufr/syno_4.bufr.num.ref
(curl) downloading http://download.ecmwf.org/test-data/eccodes/data/bufr/temp_101.bufr.num.ref
(curl) downloading http://download.ecmwf.org/test-data/eccodes/data/bufr/temp_102.bufr.num.ref
(curl) downloading http://download.ecmwf.org/test-data/eccodes/data/bufr/temp_106.bufr.num.ref
(curl) downloading http://download.ecmwf.org/test-data/eccodes/data/bufr/tmr7_129.bufr.num.ref
(curl) downloading http://download.ecmwf.org/test-data/eccodes/data/bufr/tros_31.bufr.num.ref
(curl) downloading http://download.ecmwf.org/test-data/eccodes/data/bufr/wavb_134.bufr.num.ref
(curl) downloading http://download.ecmwf.org/test-data/eccodes/data/bufr/syno_multi.bufr.num.ref
(curl) downloading http://download.ecmwf.org/test-data/eccodes/data/bufr/synop_multi_subset.bufr.num.ref
(curl) downloading http://download.ecmwf.org/test-data/eccodes/data/bufr/delayed_repl_01.bufr.num.ref
(curl) downloading http://download.ecmwf.org/test-data/eccodes/data/bufr/aaen_55.bufr.desc.ref
(curl) downloading http://download.ecmwf.org/test-data/eccodes/data/bufr/aben_55.bufr.desc.ref
(curl) downloading http://download.ecmwf.org/test-data/eccodes/data/bufr/ahws_139.bufr.desc.ref
(curl) downloading http://download.ecmwf.org/test-data/eccodes/data/bufr/airc_142.bufr.desc.ref
(curl) downloading http://download.ecmwf.org/test-data/eccodes/data/bufr/airc_144.bufr.desc.ref
(curl) downloading http://download.ecmwf.org/test-data/eccodes/data/bufr/airs_57.bufr.desc.ref
(curl) downloading http://download.ecmwf.org/test-data/eccodes/data/bufr/alws_139.bufr.desc.ref
(curl) downloading http://download.ecmwf.org/test-data/eccodes/data/bufr/amda_144.bufr.desc.ref
(curl) downloading http://download.ecmwf.org/test-data/eccodes/data/bufr/amsa_55.bufr.desc.ref
(curl) downloading http://download.ecmwf.org/test-data/eccodes/data/bufr/amsb_55.bufr.desc.ref
(curl) downloading http://download.ecmwf.org/test-data/eccodes/data/bufr/amse_55.bufr.desc.ref
(curl) downloading http://download.ecmwf.org/test-data/eccodes/data/bufr/amsu_55.bufr.desc.ref
(curl) downloading http://download.ecmwf.org/test-data/eccodes/data/bufr/amv2_87.bufr.desc.ref
(curl) downloading http://download.ecmwf.org/test-data/eccodes/data/bufr/amv3_87.bufr.desc.ref
(curl) downloading http://download.ecmwf.org/test-data/eccodes/data/bufr/asbh_139.bufr.desc.ref
(curl) downloading http://download.ecmwf.org/test-data/eccodes/data/bufr/asbl_139.bufr.desc.ref
(curl) downloading http://download.ecmwf.org/test-data/eccodes/data/bufr/asca_139.bufr.desc.ref
(curl) downloading http://download.ecmwf.org/test-data/eccodes/data/bufr/asch_139.bufr.desc.ref
(curl) downloading http://download.ecmwf.org/test-data/eccodes/data/bufr/ascs_139.bufr.desc.ref
(curl) downloading http://download.ecmwf.org/test-data/eccodes/data/bufr/aseh_139.bufr.desc.ref
(curl) downloading http://download.ecmwf.org/test-data/eccodes/data/bufr/asel_139.bufr.desc.ref
(curl) downloading http://download.ecmwf.org/test-data/eccodes/data/bufr/ashs_139.bufr.desc.ref
(curl) downloading http://download.ecmwf.org/test-data/eccodes/data/bufr/atap_55.bufr.desc.ref
(curl) downloading http://download.ecmwf.org/test-data/eccodes/data/bufr/ateu_155.bufr.desc.ref
(curl) downloading http://download.ecmwf.org/test-data/eccodes/data/bufr/atms_201.bufr.desc.ref
(curl) downloading http://download.ecmwf.org/test-data/eccodes/data/bufr/atov_55.bufr.desc.ref
(curl) downloading http://download.ecmwf.org/test-data/eccodes/data/bufr/avhm_87.bufr.desc.ref
(curl) downloading http://download.ecmwf.org/test-data/eccodes/data/bufr/avhn_87.bufr.desc.ref
(curl) downloading http://download.ecmwf.org/test-data/eccodes/data/bufr/avhr_58.bufr.desc.ref
(curl) downloading http://download.ecmwf.org/test-data/eccodes/data/bufr/b002_95.bufr.desc.ref
(curl) downloading http://download.ecmwf.org/test-data/eccodes/data/bufr/b002_96.bufr.desc.ref
(curl) downloading http://download.ecmwf.org/test-data/eccodes/data/bufr/b003_56.bufr.desc.ref
(curl) downloading http://download.ecmwf.org/test-data/eccodes/data/bufr/b004_145.bufr.desc.ref
(curl) downloading http://download.ecmwf.org/test-data/eccodes/data/bufr/b005_87.bufr.desc.ref
(curl) downloading http://download.ecmwf.org/test-data/eccodes/data/bufr/b005_89.bufr.desc.ref
(curl) downloading http://download.ecmwf.org/test-data/eccodes/data/bufr/b006_96.bufr.desc.ref
(curl) downloading http://download.ecmwf.org/test-data/eccodes/data/bufr/b007_31.bufr.desc.ref
(curl) downloading http://download.ecmwf.org/test-data/eccodes/data/bufr/bssh_170.bufr.desc.ref
(curl) downloading http://download.ecmwf.org/test-data/eccodes/data/bufr/bssh_176.bufr.desc.ref
(curl) downloading http://download.ecmwf.org/test-data/eccodes/data/bufr/bssh_178.bufr.desc.ref
(curl) downloading http://download.ecmwf.org/test-data/eccodes/data/bufr/bssh_180.bufr.desc.ref
(curl) downloading http://download.ecmwf.org/test-data/eccodes/data/bufr/btem_109.bufr.desc.ref
(curl) downloading http://download.ecmwf.org/test-data/eccodes/data/bufr/buoy_27.bufr.desc.ref
(curl) downloading http://download.ecmwf.org/test-data/eccodes/data/bufr/cmwi_87.bufr.desc.ref
(curl) downloading http://download.ecmwf.org/test-data/eccodes/data/bufr/cmwn_87.bufr.desc.ref
(curl) downloading http://download.ecmwf.org/test-data/eccodes/data/bufr/cnow_28.bufr.desc.ref
(curl) downloading http://download.ecmwf.org/test-data/eccodes/data/bufr/cori_156.bufr.desc.ref
(curl) downloading http://download.ecmwf.org/test-data/eccodes/data/bufr/crit_202.bufr.desc.ref
(curl) downloading http://download.ecmwf.org/test-data/eccodes/data/bufr/csrh_189.bufr.desc.ref
(curl) downloading http://download.ecmwf.org/test-data/eccodes/data/bufr/emsg_189.bufr.desc.ref
(curl) downloading http://download.ecmwf.org/test-data/eccodes/data/bufr/emsg_87.bufr.desc.ref
(curl) downloading http://download.ecmwf.org/test-data/eccodes/data/bufr/euwv_87.bufr.desc.ref
(curl) downloading http://download.ecmwf.org/test-data/eccodes/data/bufr/fy3a_154.bufr.desc.ref
(curl) downloading http://download.ecmwf.org/test-data/eccodes/data/bufr/fy3b_154.bufr.desc.ref
(curl) downloading http://download.ecmwf.org/test-data/eccodes/data/bufr/g2nd_208.bufr.desc.ref
(curl) downloading http://download.ecmwf.org/test-data/eccodes/data/bufr/g2to_206.bufr.desc.ref
(curl) downloading http://download.ecmwf.org/test-data/eccodes/data/bufr/go15_87.bufr.desc.ref
(curl) downloading http://download.ecmwf.org/test-data/eccodes/data/bufr/goee_87.bufr.desc.ref
(curl) downloading http://download.ecmwf.org/test-data/eccodes/data/bufr/goes_87.bufr.desc.ref
(curl) downloading http://download.ecmwf.org/test-data/eccodes/data/bufr/goga_89.bufr.desc.ref
(curl) downloading http://download.ecmwf.org/test-data/eccodes/data/bufr/gosat.bufr.desc.ref
(curl) downloading http://download.ecmwf.org/test-data/eccodes/data/bufr/grst_26.bufr.desc.ref
(curl) downloading http://download.ecmwf.org/test-data/eccodes/data/bufr/gsd1_208.bufr.desc.ref
(curl) downloading http://download.ecmwf.org/test-data/eccodes/data/bufr/gsd2_208.bufr.desc.ref
(curl) downloading http://download.ecmwf.org/test-data/eccodes/data/bufr/gsd3_208.bufr.desc.ref
(curl) downloading http://download.ecmwf.org/test-data/eccodes/data/bufr/gst4_26.bufr.desc.ref
(curl) downloading http://download.ecmwf.org/test-data/eccodes/data/bufr/hirb_55.bufr.desc.ref
(curl) downloading http://download.ecmwf.org/test-data/eccodes/data/bufr/hirs_55.bufr.desc.ref
(curl) downloading http://download.ecmwf.org/test-data/eccodes/data/bufr/ias1_240.bufr.desc.ref
(curl) downloading http://download.ecmwf.org/test-data/eccodes/data/bufr/iasi_241.bufr.desc.ref
(curl) downloading http://download.ecmwf.org/test-data/eccodes/data/bufr/ifco_208.bufr.desc.ref
(curl) downloading http://download.ecmwf.org/test-data/eccodes/data/bufr/ikco_217.bufr.desc.ref
(curl) downloading http://download.ecmwf.org/test-data/eccodes/data/bufr/itrg_208.bufr.desc.ref
(curl) downloading http://download.ecmwf.org/test-data/eccodes/data/bufr/itwt_233.bufr.desc.ref
(curl) downloading http://download.ecmwf.org/test-data/eccodes/data/bufr/j2eo_216.bufr.desc.ref
(curl) downloading http://download.ecmwf.org/test-data/eccodes/data/bufr/j2nb_216.bufr.desc.ref
(curl) downloading http://download.ecmwf.org/test-data/eccodes/data/bufr/jaso_214.bufr.desc.ref
(curl) downloading http://download.ecmwf.org/test-data/eccodes/data/bufr/kond_209.bufr.desc.ref
(curl) downloading http://download.ecmwf.org/test-data/eccodes/data/bufr/maer_207.bufr.desc.ref
(curl) downloading http://download.ecmwf.org/test-data/eccodes/data/bufr/meta_140.bufr.desc.ref
(curl) downloading http://download.ecmwf.org/test-data/eccodes/data/bufr/mhen_55.bufr.desc.ref
(curl) downloading http://download.ecmwf.org/test-data/eccodes/data/bufr/mhsa_55.bufr.desc.ref
(curl) downloading http://download.ecmwf.org/test-data/eccodes/data/bufr/mhsb_55.bufr.desc.ref
(curl) downloading http://download.ecmwf.org/test-data/eccodes/data/bufr/mhse_55.bufr.desc.ref
(curl) downloading http://download.ecmwf.org/test-data/eccodes/data/bufr/mloz_206.bufr.desc.ref
(curl) downloading http://download.ecmwf.org/test-data/eccodes/data/bufr/modi_87.bufr.desc.ref
(curl) downloading http://download.ecmwf.org/test-data/eccodes/data/bufr/modw_87.bufr.desc.ref
(curl) downloading http://download.ecmwf.org/test-data/eccodes/data/bufr/monw_87.bufr.desc.ref
(curl) downloading http://download.ecmwf.org/test-data/eccodes/data/bufr/nomi_206.bufr.desc.ref
(curl) downloading http://download.ecmwf.org/test-data/eccodes/data/bufr/nos1_208.bufr.desc.ref
(curl) downloading http://download.ecmwf.org/test-data/eccodes/data/bufr/nos2_208.bufr.desc.ref
(curl) downloading http://download.ecmwf.org/test-data/eccodes/data/bufr/nos3_208.bufr.desc.ref
(curl) downloading http://download.ecmwf.org/test-data/eccodes/data/bufr/nos4_208.bufr.desc.ref
(curl) downloading http://download.ecmwf.org/test-data/eccodes/data/bufr/nos5_208.bufr.desc.ref
(curl) downloading http://download.ecmwf.org/test-data/eccodes/data/bufr/nos6_208.bufr.desc.ref
(curl) downloading http://download.ecmwf.org/test-data/eccodes/data/bufr/nos7_208.bufr.desc.ref
(curl) downloading http://download.ecmwf.org/test-data/eccodes/data/bufr/nos8_208.bufr.desc.ref
(curl) downloading http://download.ecmwf.org/test-data/eccodes/data/bufr/ocea_131.bufr.desc.ref
(curl) downloading http://download.ecmwf.org/test-data/eccodes/data/bufr/ocea_132.bufr.desc.ref
(curl) downloading http://download.ecmwf.org/test-data/eccodes/data/bufr/ocea_133.bufr.desc.ref
(curl) downloading http://download.ecmwf.org/test-data/eccodes/data/bufr/ocea_21.bufr.desc.ref
(curl) downloading http://download.ecmwf.org/test-data/eccodes/data/bufr/pgps_110.bufr.desc.ref
(curl) downloading http://download.ecmwf.org/test-data/eccodes/data/bufr/pilo_91.bufr.desc.ref
(curl) downloading http://download.ecmwf.org/test-data/eccodes/data/bufr/rada_250.bufr.desc.ref
(curl) downloading http://download.ecmwf.org/test-data/eccodes/data/bufr/rado_250.bufr.desc.ref
(curl) downloading http://download.ecmwf.org/test-data/eccodes/data/bufr/s4kn_165.bufr.desc.ref
(curl) downloading http://download.ecmwf.org/test-data/eccodes/data/bufr/sb19_206.bufr.desc.ref
(curl) downloading http://download.ecmwf.org/test-data/eccodes/data/bufr/sbu8_206.bufr.desc.ref
(curl) downloading http://download.ecmwf.org/test-data/eccodes/data/bufr/ship_13.bufr.desc.ref
(curl) downloading http://download.ecmwf.org/test-data/eccodes/data/bufr/ship_19.bufr.desc.ref
(curl) downloading http://download.ecmwf.org/test-data/eccodes/data/bufr/ship_9.bufr.desc.ref
(curl) downloading http://download.ecmwf.org/test-data/eccodes/data/bufr/smin_49.bufr.desc.ref
(curl) downloading http://download.ecmwf.org/test-data/eccodes/data/bufr/smis_49.bufr.desc.ref
(curl) downloading http://download.ecmwf.org/test-data/eccodes/data/bufr/smiu_49.bufr.desc.ref
(curl) downloading http://download.ecmwf.org/test-data/eccodes/data/bufr/smos_203.bufr.desc.ref
(curl) downloading http://download.ecmwf.org/test-data/eccodes/data/bufr/sn4k_165.bufr.desc.ref
(curl) downloading http://download.ecmwf.org/test-data/eccodes/data/bufr/soil_7.bufr.desc.ref
(curl) downloading http://download.ecmwf.org/test-data/eccodes/data/bufr/ssbt_127.bufr.desc.ref
(curl) downloading http://download.ecmwf.org/test-data/eccodes/data/bufr/stuk_7.bufr.desc.ref
(curl) downloading http://download.ecmwf.org/test-data/eccodes/data/bufr/syno_1.bufr.desc.ref
(curl) downloading http://download.ecmwf.org/test-data/eccodes/data/bufr/syno_3.bufr.desc.ref
(curl) downloading http://download.ecmwf.org/test-data/eccodes/data/bufr/syno_4.bufr.desc.ref
(curl) downloading http://download.ecmwf.org/test-data/eccodes/data/bufr/temp_101.bufr.desc.ref
(curl) downloading http://download.ecmwf.org/test-data/eccodes/data/bufr/temp_102.bufr.desc.ref
(curl) downloading http://download.ecmwf.org/test-data/eccodes/data/bufr/temp_106.bufr.desc.ref
(curl) downloading http://download.ecmwf.org/test-data/eccodes/data/bufr/tmr7_129.bufr.desc.ref
(curl) downloading http://download.ecmwf.org/test-data/eccodes/data/bufr/tros_31.bufr.desc.ref
(curl) downloading http://download.ecmwf.org/test-data/eccodes/data/bufr/wavb_134.bufr.desc.ref
(curl) downloading http://download.ecmwf.org/test-data/eccodes/data/bufr/syno_multi.bufr.desc.ref
(curl) downloading http://download.ecmwf.org/test-data/eccodes/data/bufr/synop_multi_subset.bufr.desc.ref
(curl) downloading http://download.ecmwf.org/test-data/eccodes/data/bufr/aaen_55.bufr.ls.ref
(curl) downloading http://download.ecmwf.org/test-data/eccodes/data/bufr/syno_multi.bufr.header.ref
(curl) downloading http://download.ecmwf.org/test-data/eccodes/data/bufr/207003.bufr.json.ref
(curl) downloading http://download.ecmwf.org/test-data/eccodes/data/bufr/new_207003.bufr.ref
(curl) downloading http://download.ecmwf.org/test-data/eccodes/data/bufr/new_aaen_55.bufr.ref
(curl) downloading http://download.ecmwf.org/test-data/eccodes/data/bufr/new_aben_55.bufr.ref
(curl) downloading http://download.ecmwf.org/test-data/eccodes/data/bufr/new_ahws_139.bufr.ref
(curl) downloading http://download.ecmwf.org/test-data/eccodes/data/bufr/new_airc_142.bufr.ref
(curl) downloading http://download.ecmwf.org/test-data/eccodes/data/bufr/new_airc_144.bufr.ref
(curl) downloading http://download.ecmwf.org/test-data/eccodes/data/bufr/new_airs_57.bufr.ref
(curl) downloading http://download.ecmwf.org/test-data/eccodes/data/bufr/new_alws_139.bufr.ref
(curl) downloading http://download.ecmwf.org/test-data/eccodes/data/bufr/new_amda_144.bufr.ref
(curl) downloading http://download.ecmwf.org/test-data/eccodes/data/bufr/new_amsa_55.bufr.ref
(curl) downloading http://download.ecmwf.org/test-data/eccodes/data/bufr/new_amsb_55.bufr.ref
(curl) downloading http://download.ecmwf.org/test-data/eccodes/data/bufr/new_amse_55.bufr.ref
(curl) downloading http://download.ecmwf.org/test-data/eccodes/data/bufr/new_amsu_55.bufr.ref
(curl) downloading http://download.ecmwf.org/test-data/eccodes/data/bufr/new_amv2_87.bufr.ref
(curl) downloading http://download.ecmwf.org/test-data/eccodes/data/bufr/new_amv3_87.bufr.ref
(curl) downloading http://download.ecmwf.org/test-data/eccodes/data/bufr/new_asbh_139.bufr.ref
(curl) downloading http://download.ecmwf.org/test-data/eccodes/data/bufr/new_asbl_139.bufr.ref
(curl) downloading http://download.ecmwf.org/test-data/eccodes/data/bufr/new_asca_139.bufr.ref
(curl) downloading http://download.ecmwf.org/test-data/eccodes/data/bufr/new_asch_139.bufr.ref
(curl) downloading http://download.ecmwf.org/test-data/eccodes/data/bufr/new_ascs_139.bufr.ref
(curl) downloading http://download.ecmwf.org/test-data/eccodes/data/bufr/new_aseh_139.bufr.ref
(curl) downloading http://download.ecmwf.org/test-data/eccodes/data/bufr/new_asel_139.bufr.ref
(curl) downloading http://download.ecmwf.org/test-data/eccodes/data/bufr/new_ashs_139.bufr.ref
[...]
"eccodes_f_get_set_uuid" start time: Mar 22 09:39 UTC
Output:
----------------------------------------------------------
<end of output>
Test time =   0.05 sec
----------------------------------------------------------
Test Passed.
"eccodes_f_get_set_uuid" end time: Mar 22 09:39 UTC
"eccodes_f_get_set_uuid" time elapsed: 00:00:00
----------------------------------------------------------

152/173 Testing: eccodes_f_grib_clone
152/173 Test: eccodes_f_grib_clone
Command: "/metfark/metfark/metfark/libeccodes/build/eccodes-2.7.0-Source/examples/F90/grib_clone.sh"
Directory: /metfark/metfark/metfark/libeccodes/build/examples/F90
"eccodes_f_grib_clone" start time: Mar 22 09:39 UTC
Output:
----------------------------------------------------------
<end of output>
Test time =   0.03 sec
----------------------------------------------------------
Test Passed.
"eccodes_f_grib_clone" end time: Mar 22 09:39 UTC
"eccodes_f_grib_clone" time elapsed: 00:00:00
----------------------------------------------------------

153/173 Testing: eccodes_f_bufr_attributes
153/173 Test: eccodes_f_bufr_attributes
Command: "/metfark/metfark/metfark/libeccodes/build/eccodes-2.7.0-Source/examples/F90/bufr_attributes.sh"
Directory: /metfark/metfark/metfark/libeccodes/build/examples/F90
"eccodes_f_bufr_attributes" start time: Mar 22 09:39 UTC
Output:
----------------------------------------------------------
 message:            0
   airTemperatureAt2M:   274.50000000000000     
   airTemperatureAt2M->code:       12004
   airTemperatureAt2M->units:K                               
   airTemperatureAt2M->code:           1
   airTemperatureAt2M->reference:           0
   airTemperatureAt2M->width:          12
   airTemperatureAt2M->percentConfidence:          80
   airTemperatureAt2M->percentConfidence->code:       33007
   airTemperatureAt2M->percentConfidence->units:%                               
   airTemperatureAt2M->percentConfidence->code:           0
   airTemperatureAt2M->percentConfidence->reference:           0
   airTemperatureAt2M->percentConfidence->width:           7
 message:            1
   airTemperatureAt2M:   268.40000000000003     
   airTemperatureAt2M->code:       12004
   airTemperatureAt2M->units:K                               
   airTemperatureAt2M->code:           1
   airTemperatureAt2M->reference:           0
   airTemperatureAt2M->width:          12
   airTemperatureAt2M->percentConfidence:          80
   airTemperatureAt2M->percentConfidence->code:       33007
   airTemperatureAt2M->percentConfidence->units:%                               
   airTemperatureAt2M->percentConfidence->code:           0
   airTemperatureAt2M->percentConfidence->reference:           0
   airTemperatureAt2M->percentConfidence->width:           7
 message:            2
   airTemperatureAt2M:   268.50000000000000     
   airTemperatureAt2M->code:       12004
   airTemperatureAt2M->units:K                               
   airTemperatureAt2M->code:           1
   airTemperatureAt2M->reference:           0
   airTemperatureAt2M->width:          12
   airTemperatureAt2M->percentConfidence:          70
   airTemperatureAt2M->percentConfidence->code:       33007
   airTemperatureAt2M->percentConfidence->units:%                               
   airTemperatureAt2M->percentConfidence->code:           0
   airTemperatureAt2M->percentConfidence->reference:           0
   airTemperatureAt2M->percentConfidence->width:           7
<end of output>
Test time =   0.02 sec
----------------------------------------------------------
Test Passed.
"eccodes_f_bufr_attributes" end time: Mar 22 09:39 UTC
"eccodes_f_bufr_attributes" time elapsed: 00:00:00
----------------------------------------------------------

154/173 Testing: eccodes_f_bufr_copy_data
154/173 Test: eccodes_f_bufr_copy_data
Command: "/metfark/metfark/metfark/libeccodes/build/eccodes-2.7.0-Source/examples/F90/bufr_copy_data.sh"
Directory: /metfark/metfark/metfark/libeccodes/build/examples/F90
"eccodes_f_bufr_copy_data" start time: Mar 22 09:39 UTC
Output:
----------------------------------------------------------
<end of output>
Test time =   0.05 sec
----------------------------------------------------------
Test Passed.
"eccodes_f_bufr_copy_data" end time: Mar 22 09:39 UTC
"eccodes_f_bufr_copy_data" time elapsed: 00:00:00
----------------------------------------------------------

155/173 Testing: eccodes_f_bufr_clone
155/173 Test: eccodes_f_bufr_clone
Command: "/metfark/metfark/metfark/libeccodes/build/eccodes-2.7.0-Source/examples/F90/bufr_clone.sh"
Directory: /metfark/metfark/metfark/libeccodes/build/examples/F90
"eccodes_f_bufr_clone" start time: Mar 22 09:39 UTC
Output:
----------------------------------------------------------
<end of output>
Test time =   0.04 sec
----------------------------------------------------------
Test Passed.
"eccodes_f_bufr_clone" end time: Mar 22 09:39 UTC
"eccodes_f_bufr_clone" time elapsed: 00:00:00
----------------------------------------------------------

156/173 Testing: eccodes_f_bufr_expanded
156/173 Test: eccodes_f_bufr_expanded
Command: "/metfark/metfark/metfark/libeccodes/build/eccodes-2.7.0-Source/examples/F90/bufr_expanded.sh"
Directory: /metfark/metfark/metfark/libeccodes/build/examples/F90
"eccodes_f_bufr_expanded" start time: Mar 22 09:39 UTC
Output:
----------------------------------------------------------
<end of output>
Test time =   0.02 sec
----------------------------------------------------------
Test Passed.
"eccodes_f_bufr_expanded" end time: Mar 22 09:39 UTC
"eccodes_f_bufr_expanded" time elapsed: 00:00:00
----------------------------------------------------------

157/173 Testing: eccodes_f_bufr_get_keys
157/173 Test: eccodes_f_bufr_get_keys
Command: "/metfark/metfark/metfark/libeccodes/build/eccodes-2.7.0-Source/examples/F90/bufr_get_keys.sh"
Directory: /metfark/metfark/metfark/libeccodes/build/examples/F90
"eccodes_f_bufr_get_keys" start time: Mar 22 09:39 UTC
Output:
----------------------------------------------------------
<end of output>
Test time =   0.02 sec
----------------------------------------------------------
Test Passed.
"eccodes_f_bufr_get_keys" end time: Mar 22 09:39 UTC
"eccodes_f_bufr_get_keys" time elapsed: 00:00:00
----------------------------------------------------------

158/173 Testing: eccodes_f_bufr_get_string_array
158/173 Test: eccodes_f_bufr_get_string_array
Command: "/metfark/metfark/metfark/libeccodes/build/eccodes-2.7.0-Source/examples/F90/bufr_get_string_array.sh"
Directory: /metfark/metfark/metfark/libeccodes/build/examples/F90
"eccodes_f_bufr_get_string_array" start time: Mar 22 09:39 UTC
Output:
----------------------------------------------------------
+ label=bufr_get_string_array_test_f
+ fTmp=bufr_get_string_array_test_f.tmp.txt
+ rm -f bufr_get_string_array_test_f.tmp.txt
+ true
+ fRef=/metfark/metfark/metfark/libeccodes/build/data/bufr/get_string_array.ref
+ REDIRECT=/dev/null
+ /metfark/metfark/metfark/libeccodes/build/examples/F90/eccodes_f_bufr_get_string_array
+ diff -w /metfark/metfark/metfark/libeccodes/build/data/bufr/get_string_array.ref bufr_get_string_array_test_f.tmp.txt
+ rm -f bufr_get_string_array_test_f.tmp.txt
+ true
<end of output>
Test time =   0.02 sec
----------------------------------------------------------
Test Passed.
"eccodes_f_bufr_get_string_array" end time: Mar 22 09:39 UTC
"eccodes_f_bufr_get_string_array" time elapsed: 00:00:00
----------------------------------------------------------

159/173 Testing: eccodes_f_bufr_keys_iterator
159/173 Test: eccodes_f_bufr_keys_iterator
Command: "/metfark/metfark/metfark/libeccodes/build/eccodes-2.7.0-Source/examples/F90/bufr_keys_iterator.sh"
Directory: /metfark/metfark/metfark/libeccodes/build/examples/F90
"eccodes_f_bufr_keys_iterator" start time: Mar 22 09:39 UTC
Output:
----------------------------------------------------------
 message:            0
   edition
   masterTableNumber
   bufrHeaderSubCentre
   bufrHeaderCentre
   updateSequenceNumber
   dataCategory
   dataSubCategory
   masterTablesVersionNumber
   localTablesVersionNumber
   typicalYearOfCentury
   typicalMonth
   typicalDay
   typicalHour
   typicalMinute
   rdbType
   oldSubtype
   localYear
   localMonth
   localDay
   localHour
   localMinute
   localSecond
   rdbtimeDay
   rdbtimeHour
   rdbtimeMinute
   rdbtimeSecond
   rectimeDay
   rectimeHour
   rectimeMinute
   rectimeSecond
   correction1
   correction1Part
   correction2
   correction2Part
   correction3
   correction3Part
   correction4
   correction4Part
   qualityControl
   newSubtype
   numberOfSubsets
   localLatitude
   localLongitude
   observedData
   compressedData
   unexpandedDescriptors
   #1#blockNumber
   #1#blockNumber->percentConfidence
   #1#stationNumber
   #1#stationNumber->percentConfidence
   #1#stationType
   #1#stationType->percentConfidence
   #1#year
   #1#year->percentConfidence
   #1#month
   #1#month->percentConfidence
   #1#day
   #1#day->percentConfidence
   #1#hour
   #1#hour->percentConfidence
   #1#minute
   #1#minute->percentConfidence
   #1#latitude
   #1#latitude->percentConfidence
   #1#longitude
   #1#longitude->percentConfidence
   #1#heightOfStation
   #1#heightOfStation->percentConfidence
   #1#nonCoordinatePressure
   #1#nonCoordinatePressure->percentConfidence
   #1#pressureReducedToMeanSeaLevel
   #1#pressureReducedToMeanSeaLevel->percentConfidence
   #1#3HourPressureChange
   #1#3HourPressureChange->percentConfidence
   #1#characteristicOfPressureTendency
   #1#characteristicOfPressureTendency->percentConfidence
   #1#windDirectionAt10M
   #1#windDirectionAt10M->percentConfidence
   #1#windSpeedAt10M
   #1#windSpeedAt10M->percentConfidence
   #1#airTemperatureAt2M
   #1#airTemperatureAt2M->percentConfidence
   #1#dewpointTemperatureAt2M
   #1#dewpointTemperatureAt2M->percentConfidence
   #1#relativeHumidity
   #1#relativeHumidity->percentConfidence
   #1#horizontalVisibility
   #1#horizontalVisibility->percentConfidence
   #1#presentWeather
   #1#presentWeather->percentConfidence
   #1#pastWeather1
   #1#pastWeather1->percentConfidence
   #1#pastWeather2
   #1#pastWeather2->percentConfidence
   #1#cloudCoverTotal
   #1#cloudCoverTotal->percentConfidence
   #1#verticalSignificanceSurfaceObservations
   #1#verticalSignificanceSurfaceObservations->percentConfidence
   #1#cloudAmount
   #1#cloudAmount->percentConfidence
   #1#heightOfBaseOfCloud
   #1#heightOfBaseOfCloud->percentConfidence
   #1#cloudType
   #1#cloudType->percentConfidence
   #2#cloudType
   #2#cloudType->percentConfidence
   #3#cloudType
   #3#cloudType->percentConfidence
   #2#verticalSignificanceSurfaceObservations
   #2#verticalSignificanceSurfaceObservations->percentConfidence
   #2#cloudAmount
   #2#cloudAmount->percentConfidence
   #4#cloudType
   #4#cloudType->percentConfidence
   #2#heightOfBaseOfCloud
   #2#heightOfBaseOfCloud->percentConfidence
   #3#verticalSignificanceSurfaceObservations
   #3#verticalSignificanceSurfaceObservations->percentConfidence
   #3#cloudAmount
   #3#cloudAmount->percentConfidence
   #5#cloudType
   #5#cloudType->percentConfidence
   #3#heightOfBaseOfCloud
   #3#heightOfBaseOfCloud->percentConfidence
   #4#verticalSignificanceSurfaceObservations
   #4#verticalSignificanceSurfaceObservations->percentConfidence
   #4#cloudAmount
   #4#cloudAmount->percentConfidence
   #6#cloudType
   #6#cloudType->percentConfidence
   #4#heightOfBaseOfCloud
   #4#heightOfBaseOfCloud->percentConfidence
   #5#verticalSignificanceSurfaceObservations
   #5#verticalSignificanceSurfaceObservations->percentConfidence
   #5#cloudAmount
   #5#cloudAmount->percentConfidence
   #7#cloudType
   #7#cloudType->percentConfidence
   #5#heightOfBaseOfCloud
   #5#heightOfBaseOfCloud->percentConfidence
   #1#totalPrecipitationPast24Hours
   #1#totalPrecipitationPast24Hours->percentConfidence
   #1#totalSnowDepth
   #1#totalSnowDepth->percentConfidence
   #1#centre
   #1#generatingApplication
<end of output>
Test time =   0.02 sec
----------------------------------------------------------
Test Passed.
"eccodes_f_bufr_keys_iterator" end time: Mar 22 09:39 UTC
"eccodes_f_bufr_keys_iterator" time elapsed: 00:00:00
----------------------------------------------------------

160/173 Testing: eccodes_f_bufr_read_header
160/173 Test: eccodes_f_bufr_read_header
Command: "/metfark/metfark/metfark/libeccodes/build/eccodes-2.7.0-Source/examples/F90/bufr_read_header.sh"
Directory: /metfark/metfark/metfark/libeccodes/build/examples/F90
"eccodes_f_bufr_read_header" start time: Mar 22 09:39 UTC
Output:
----------------------------------------------------------
<end of output>
Test time =   0.01 sec
----------------------------------------------------------
Test Passed.
"eccodes_f_bufr_read_header" end time: Mar 22 09:39 UTC
"eccodes_f_bufr_read_header" time elapsed: 00:00:00
----------------------------------------------------------

161/173 Testing: eccodes_f_bufr_read_scatterometer
161/173 Test: eccodes_f_bufr_read_scatterometer
Command: "/metfark/metfark/metfark/libeccodes/build/eccodes-2.7.0-Source/examples/F90/bufr_read_scatterometer.sh"
Directory: /metfark/metfark/metfark/libeccodes/build/examples/F90
"eccodes_f_bufr_read_scatterometer" start time: Mar 22 09:39 UTC
Output:
----------------------------------------------------------
<end of output>
Test time =   0.04 sec
----------------------------------------------------------
Test Passed.
"eccodes_f_bufr_read_scatterometer" end time: Mar 22 09:39 UTC
"eccodes_f_bufr_read_scatterometer" time elapsed: 00:00:00
----------------------------------------------------------

162/173 Testing: eccodes_f_bufr_read_synop
162/173 Test: eccodes_f_bufr_read_synop
Command: "/metfark/metfark/metfark/libeccodes/build/eccodes-2.7.0-Source/examples/F90/bufr_read_synop.sh"
Directory: /metfark/metfark/metfark/libeccodes/build/examples/F90
"eccodes_f_bufr_read_synop" start time: Mar 22 09:39 UTC
Output:
----------------------------------------------------------
 message:            0
   blockNumber:           1
   stationNumber:           1
   latitude:   70.930000000000007     
   longitude:  -8.6699999999999999     
   airTemperatureAt2M:   274.50000000000000     
   dewpointTemperatureAt2M:   273.40000000000003     
   windSpeedAt10M:   7.0000000000000000     
   windDirectionAt10M:   80.000000000000000     
   cloudAmount (low and middle):           8
   heightOfBaseOfCloud:         250
   cloudType (low):          37
   cloudType (middle):          61
   cloudType (high):          60
 message:            1
   blockNumber:           1
   stationNumber:           3
   latitude:   77.000000000000000     
   longitude:   15.500000000000002     
   airTemperatureAt2M:   268.40000000000003     
   dewpointTemperatureAt2M:   266.40000000000003     
   windSpeedAt10M:   1.0000000000000000     
   windDirectionAt10M:   80.000000000000000     
   cloudAmount (low and middle):           3
   heightOfBaseOfCloud:         800
   cloudType (low):          35
   cloudType (middle):          23
   cloudType (high):          60
 message:            2
   blockNumber:           1
   stationNumber:           7
   latitude:   78.920000000000002     
   longitude:   11.930000000000001     
   airTemperatureAt2M:   268.50000000000000     
   dewpointTemperatureAt2M:   266.10000000000002     
   windSpeedAt10M:   1.0000000000000000     
   windDirectionAt10M:   150.00000000000000     
   cloudAmount (low and middle):           8
   heightOfBaseOfCloud:         800
   cloudType (low):          38
   cloudType (middle):          61
   cloudType (high):          60
<end of output>
Test time =   0.02 sec
----------------------------------------------------------
Test Passed.
"eccodes_f_bufr_read_synop" end time: Mar 22 09:39 UTC
"eccodes_f_bufr_read_synop" time elapsed: 00:00:00
----------------------------------------------------------

163/173 Testing: eccodes_f_bufr_read_temp
163/173 Test: eccodes_f_bufr_read_temp
Command: "/metfark/metfark/metfark/libeccodes/build/eccodes-2.7.0-Source/examples/F90/bufr_read_temp.sh"
Directory: /metfark/metfark/metfark/libeccodes/build/examples/F90
"eccodes_f_bufr_read_temp" start time: Mar 22 09:39 UTC
Output:
----------------------------------------------------------
<end of output>
Test time =   0.03 sec
----------------------------------------------------------
Test Passed.
"eccodes_f_bufr_read_temp" end time: Mar 22 09:39 UTC
"eccodes_f_bufr_read_temp" time elapsed: 00:00:00
----------------------------------------------------------

164/173 Testing: eccodes_f_bufr_read_tropical_cyclone
164/173 Test: eccodes_f_bufr_read_tropical_cyclone
Command: "/metfark/metfark/metfark/libeccodes/build/eccodes-2.7.0-Source/examples/F90/bufr_read_tropical_cyclone.sh"
Directory: /metfark/metfark/metfark/libeccodes/build/examples/F90
"eccodes_f_bufr_read_tropical_cyclone" start time: Mar 22 09:39 UTC
Output:
----------------------------------------------------------
<end of output>
Test time =   0.05 sec
----------------------------------------------------------
Test Passed.
"eccodes_f_bufr_read_tropical_cyclone" end time: Mar 22 09:39 UTC
"eccodes_f_bufr_read_tropical_cyclone" time elapsed: 00:00:00
----------------------------------------------------------

165/173 Testing: eccodes_f_bufr_set_keys
165/173 Test: eccodes_f_bufr_set_keys
Command: "/metfark/metfark/metfark/libeccodes/build/eccodes-2.7.0-Source/examples/F90/bufr_set_keys.sh"
Directory: /metfark/metfark/metfark/libeccodes/build/examples/F90
"eccodes_f_bufr_set_keys" start time: Mar 22 09:39 UTC
Output:
----------------------------------------------------------
<end of output>
Test time =   0.04 sec
----------------------------------------------------------
Test Passed.
"eccodes_f_bufr_set_keys" end time: Mar 22 09:39 UTC
"eccodes_f_bufr_set_keys" time elapsed: 00:00:00
----------------------------------------------------------

166/173 Testing: eccodes_f_bufr_copy_keys
166/173 Test: eccodes_f_bufr_copy_keys
Command: "/metfark/metfark/metfark/libeccodes/build/eccodes-2.7.0-Source/examples/F90/bufr_copy_keys.sh"
Directory: /metfark/metfark/metfark/libeccodes/build/examples/F90
"eccodes_f_bufr_copy_keys" start time: Mar 22 09:39 UTC
Output:
----------------------------------------------------------
<end of output>
Test time =   0.02 sec
----------------------------------------------------------
Test Passed.
"eccodes_f_bufr_copy_keys" end time: Mar 22 09:39 UTC
"eccodes_f_bufr_copy_keys" time elapsed: 00:00:00
----------------------------------------------------------

167/173 Testing: eccodes_f_bufr_subset
167/173 Test: eccodes_f_bufr_subset
Command: "/metfark/metfark/metfark/libeccodes/build/eccodes-2.7.0-Source/examples/F90/bufr_subset.sh"
Directory: /metfark/metfark/metfark/libeccodes/build/examples/F90
"eccodes_f_bufr_subset" start time: Mar 22 09:39 UTC
Output:
----------------------------------------------------------
<end of output>
Test time =   0.03 sec
----------------------------------------------------------
Test Passed.
"eccodes_f_bufr_subset" end time: Mar 22 09:39 UTC
"eccodes_f_bufr_subset" time elapsed: 00:00:00
----------------------------------------------------------

168/173 Testing: eccodes_f_get_product_kind
168/173 Test: eccodes_f_get_product_kind
Command: "/metfark/metfark/metfark/libeccodes/build/eccodes-2.7.0-Source/examples/F90/get_product_kind.sh"
Directory: /metfark/metfark/metfark/libeccodes/build/examples/F90
"eccodes_f_get_product_kind" start time: Mar 22 09:39 UTC
Output:
----------------------------------------------------------
<end of output>
Test time =   0.03 sec
----------------------------------------------------------
Test Passed.
"eccodes_f_get_product_kind" end time: Mar 22 09:39 UTC
"eccodes_f_get_product_kind" time elapsed: 00:00:00
----------------------------------------------------------

End testing: Mar 22 09:39 UTC

download_data = 234.83 sec

eccodes = 499.37 sec

executable =   0.02 sec

script = 264.52 sec

